   1               		.file	"nokia_lcd.c"
   2               	__SREG__ = 0x3f
   3               	__SP_H__ = 0x3e
   4               	__SP_L__ = 0x3d
   5               	__CCP__  = 0x34
   6               	__tmp_reg__ = 0
   7               	__zero_reg__ = 1
  15               	.Ltext0:
  16               	.global	lcd_goto_xy
  18               	lcd_goto_xy:
  19               	.LFB12:
  20               	.LM1:
  21               	.LVL0:
  22               	/* prologue: function */
  23               	/* frame size = 0 */
  24               	.LM2:
  25 0000 96E0      		ldi r25,lo8(6)
  26 0002 899F      		mul r24,r25
  27 0004 C001      		movw r24,r0
  28 0006 1124      		clr r1
  29               	.LVL1:
  30 0008 8A55      		subi r24,lo8(-(-90))
  31 000a 9040      		sbci r25,hi8(-(-90))
  32 000c 24E5      		ldi r18,lo8(84)
  33 000e 629F      		mul r22,r18
  34 0010 B001      		movw r22,r0
  35 0012 1124      		clr r1
  36               	.LVL2:
  37 0014 860F      		add r24,r22
  38 0016 971F      		adc r25,r23
  39 0018 9093 0000 		sts (lcdCacheIdx)+1,r25
  40 001c 8093 0000 		sts lcdCacheIdx,r24
  41               	/* epilogue start */
  42               	.LM3:
  43 0020 0895      		ret
  44               	.LFE12:
  46               	.global	lcd_goto_xy_exact
  48               	lcd_goto_xy_exact:
  49               	.LFB13:
  50               	.LM4:
  51               	.LVL3:
  52               	/* prologue: function */
  53               	/* frame size = 0 */
  54               	.LM5:
  55 0022 90E0      		ldi r25,lo8(0)
  56               	.LVL4:
  57 0024 8555      		subi r24,lo8(-(-85))
  58 0026 9040      		sbci r25,hi8(-(-85))
  59               	.LVL5:
  60 0028 24E5      		ldi r18,lo8(84)
  61 002a 629F      		mul r22,r18
  62 002c B001      		movw r22,r0
  63 002e 1124      		clr r1
  64               	.LVL6:
  65 0030 860F      		add r24,r22
  66 0032 971F      		adc r25,r23
  67               	.LVL7:
  68 0034 9093 0000 		sts (lcdCacheIdx)+1,r25
  69 0038 8093 0000 		sts lcdCacheIdx,r24
  70               	/* epilogue start */
  71               	.LM6:
  72 003c 0895      		ret
  73               	.LFE13:
  75               	.global	lcd_send
  77               	lcd_send:
  78               	.LFB20:
  79               	.LM7:
  80               	.LVL8:
  81               	/* prologue: function */
  82               	/* frame size = 0 */
  83 003e 982F      		mov r25,r24
  84               	.LM8:
  85 0040 8AB3      		in r24,58-32
  86               	.LVL9:
  87 0042 8C60      		ori r24,lo8(12)
  88 0044 8ABB      		out 58-32,r24
  89               	.LM9:
  90 0046 D998      		cbi 59-32,1
  91               	.LM10:
  92 0048 6130      		cpi r22,lo8(1)
  93 004a 01F4      		brne .L6
  94               	.LM11:
  95 004c DA9A      		sbi 59-32,2
  96 004e 00C0      		rjmp .L13
  97               	.L6:
  98               	.LM12:
  99 0050 DA98      		cbi 59-32,2
 100               	.L13:
 101 0052 27E0      		ldi r18,lo8(7)
 102 0054 30E0      		ldi r19,hi8(7)
 103               	.LBB13:
 104               	.LM13:
 105 0056 492F      		mov r20,r25
 106 0058 50E0      		ldi r21,lo8(0)
 107               	.LVL10:
 108               	.L11:
 109 005a CA01      		movw r24,r20
 110 005c 022E      		mov r0,r18
 111 005e 00C0      		rjmp 2f
 112 0060 9595      	1:	asr r25
 113 0062 8795      		ror r24
 114 0064 0A94      	2:	dec r0
 115 0066 02F4      		brpl 1b
 116 0068 80FF      		sbrs r24,0
 117 006a 00C0      		rjmp .L8
 118               	.LM14:
 119 006c DB9A      		sbi 59-32,3
 120 006e 00C0      		rjmp .L9
 121               	.L8:
 122               	.LM15:
 123 0070 DB98      		cbi 59-32,3
 124               	.L9:
 125               	.LM16:
 126 0072 DC9A      		sbi 59-32,4
 127               	.LM17:
 128 0074 DC98      		cbi 59-32,4
 129 0076 2150      		subi r18,lo8(-(-1))
 130 0078 3040      		sbci r19,hi8(-(-1))
 131               	.LM18:
 132 007a 8FEF      		ldi r24,hi8(-1)
 133 007c 2F3F      		cpi r18,lo8(-1)
 134 007e 3807      		cpc r19,r24
 135 0080 01F4      		brne .L11
 136               	.LBE13:
 137               	.LM19:
 138 0082 D99A      		sbi 59-32,1
 139               	.LM20:
 140 0084 8AB3      		in r24,58-32
 141 0086 837F      		andi r24,lo8(-13)
 142 0088 8ABB      		out 58-32,r24
 143               	.LM21:
 144 008a 8BB3      		in r24,59-32
 145 008c 8C60      		ori r24,lo8(12)
 146 008e 8BBB      		out 59-32,r24
 147               	/* epilogue start */
 148               	.LM22:
 149 0090 0895      		ret
 150               	.LFE20:
 152               	.global	lcd_base_addr
 154               	lcd_base_addr:
 155               	.LFB19:
 156               	.LM23:
 157               	.LVL11:
 158 0092 0F93      		push r16
 159 0094 1F93      		push r17
 160               	/* prologue: function */
 161               	/* frame size = 0 */
 162 0096 8C01      		movw r16,r24
 163               	.LM24:
 164 0098 64E5      		ldi r22,lo8(84)
 165 009a 70E0      		ldi r23,hi8(84)
 166 009c 0E94 0000 		call __udivmodhi4
 167               	.LVL12:
 168 00a0 8068      		ori r24,lo8(-128)
 169 00a2 60E0      		ldi r22,lo8(0)
 170 00a4 0E94 0000 		call lcd_send
 171               	.LM25:
 172 00a8 C801      		movw r24,r16
 173 00aa 64E5      		ldi r22,lo8(84)
 174 00ac 70E0      		ldi r23,hi8(84)
 175 00ae 0E94 0000 		call __udivmodhi4
 176 00b2 862F      		mov r24,r22
 177 00b4 8064      		ori r24,lo8(64)
 178 00b6 60E0      		ldi r22,lo8(0)
 179 00b8 0E94 0000 		call lcd_send
 180               	/* epilogue start */
 181               	.LM26:
 182 00bc 1F91      		pop r17
 183 00be 0F91      		pop r16
 184               	.LVL13:
 185 00c0 0895      		ret
 186               	.LFE19:
 188               	.global	table_to_nokialcd
 190               	table_to_nokialcd:
 191               	.LFB15:
 192               	.LM27:
 193               	.LVL14:
 194 00c2 CF92      		push r12
 195 00c4 DF92      		push r13
 196 00c6 EF92      		push r14
 197 00c8 FF92      		push r15
 198 00ca 0F93      		push r16
 199 00cc 1F93      		push r17
 200 00ce DF93      		push r29
 201 00d0 CF93      		push r28
 202 00d2 0F92      		push __tmp_reg__
 203 00d4 CDB7      		in r28,__SP_L__
 204 00d6 DEB7      		in r29,__SP_H__
 205               	/* prologue: function */
 206               	/* frame size = 1 */
 207 00d8 982F      		mov r25,r24
 208               	.LM28:
 209 00da 8032      		cpi r24,lo8(32)
 210 00dc 00F0      		brlo .L21
 211               	.LM29:
 212 00de 87FD      		sbrc r24,7
 213 00e0 00C0      		rjmp .L21
 214               	.LM30:
 215 00e2 85E0      		ldi r24,lo8(5)
 216               	.LVL15:
 217 00e4 989F      		mul r25,r24
 218 00e6 802D      		mov r24,r0
 219 00e8 1124      		clr r1
 220 00ea 805A      		subi r24,lo8(-(96))
 221 00ec 282F      		mov r18,r24
 222               	.LVL16:
 223 00ee 30E0      		ldi r19,lo8(0)
 224               	.LVL17:
 225 00f0 8901      		movw r16,r18
 226 00f2 0050      		subi r16,lo8(-(TABLE5))
 227 00f4 1040      		sbci r17,hi8(-(TABLE5))
 228 00f6 805F      		subi r24,lo8(-(16))
 229 00f8 C82E      		mov r12,r24
 230 00fa DD24      		clr r13
 231 00fc 40E0      		ldi r20,lo8(TABLE6)
 232 00fe 50E0      		ldi r21,hi8(TABLE6)
 233 0100 C40E      		add r12,r20
 234 0102 D51E      		adc r13,r21
 235               	.LM31:
 236 0104 80E0      		ldi r24,lo8(TABLE5+5)
 237 0106 E82E      		mov r14,r24
 238 0108 80E0      		ldi r24,hi8(TABLE5+5)
 239 010a F82E      		mov r15,r24
 240 010c E20E      		add r14,r18
 241 010e F31E      		adc r15,r19
 242               	.L20:
 243               	.LM32:
 244 0110 9035      		cpi r25,lo8(80)
 245 0112 00F4      		brsh .L18
 246               	.LM33:
 247 0114 F801      		movw r30,r16
 248 0116 00C0      		rjmp .L23
 249               	.L18:
 250               	.LM34:
 251 0118 F601      		movw r30,r12
 252               	.L23:
 253 011a 8081      		ld r24,Z
 254               	.LVL18:
 255               	.LM35:
 256 011c 61E0      		ldi r22,lo8(1)
 257 011e 9983      		std Y+1,r25
 258               	.LVL19:
 259 0120 0E94 0000 		call lcd_send
 260               	.LVL20:
 261 0124 0F5F      		subi r16,lo8(-(1))
 262 0126 1F4F      		sbci r17,hi8(-(1))
 263 0128 0894      		sec
 264 012a C11C      		adc r12,__zero_reg__
 265 012c D11C      		adc r13,__zero_reg__
 266               	.LM36:
 267 012e 9981      		ldd r25,Y+1
 268 0130 0E15      		cp r16,r14
 269 0132 1F05      		cpc r17,r15
 270 0134 01F4      		brne .L20
 271               	.LM37:
 272 0136 80E0      		ldi r24,lo8(0)
 273 0138 61E0      		ldi r22,lo8(1)
 274 013a 0E94 0000 		call lcd_send
 275               	.LM38:
 276 013e 8091 0000 		lds r24,lcdCacheIdx
 277 0142 9091 0000 		lds r25,(lcdCacheIdx)+1
 278 0146 0696      		adiw r24,6
 279 0148 9093 0000 		sts (lcdCacheIdx)+1,r25
 280 014c 8093 0000 		sts lcdCacheIdx,r24
 281               	.LVL21:
 282               	.L21:
 283               	/* epilogue start */
 284               	.LM39:
 285 0150 0F90      		pop __tmp_reg__
 286 0152 CF91      		pop r28
 287 0154 DF91      		pop r29
 288 0156 1F91      		pop r17
 289 0158 0F91      		pop r16
 290 015a FF90      		pop r15
 291 015c EF90      		pop r14
 292 015e DF90      		pop r13
 293 0160 CF90      		pop r12
 294 0162 0895      		ret
 295               	.LFE15:
 297               	.global	nokia_printchar
 299               	nokia_printchar:
 300               	.LFB16:
 301               	.LM40:
 302               	.LVL22:
 303 0164 1F93      		push r17
 304               	/* prologue: function */
 305               	/* frame size = 0 */
 306 0166 182F      		mov r17,r24
 307               	.LM41:
 308 0168 8091 0000 		lds r24,lcdCacheIdx
 309 016c 9091 0000 		lds r25,(lcdCacheIdx)+1
 310               	.LVL23:
 311 0170 0E94 0000 		call lcd_base_addr
 312               	.LM42:
 313 0174 812F      		mov r24,r17
 314 0176 0E94 0000 		call table_to_nokialcd
 315               	/* epilogue start */
 316               	.LM43:
 317 017a 1F91      		pop r17
 318               	.LVL24:
 319 017c 0895      		ret
 320               	.LFE16:
 322               	.global	nokia_printstr
 324               	nokia_printstr:
 325               	.LFB17:
 326               	.LM44:
 327               	.LVL25:
 328 017e CF93      		push r28
 329 0180 DF93      		push r29
 330               	/* prologue: function */
 331               	/* frame size = 0 */
 332 0182 EC01      		movw r28,r24
 333 0184 00C0      		rjmp .L27
 334               	.LVL26:
 335               	.L28:
 336               	.LM45:
 337 0186 2196      		adiw r28,1
 338 0188 0E94 0000 		call nokia_printchar
 339               	.LVL27:
 340               	.L27:
 341               	.LM46:
 342 018c 8881      		ld r24,Y
 343 018e 8823      		tst r24
 344 0190 01F4      		brne .L28
 345               	/* epilogue start */
 346               	.LM47:
 347 0192 DF91      		pop r29
 348 0194 CF91      		pop r28
 349               	.LVL28:
 350 0196 0895      		ret
 351               	.LFE17:
 353               	.global	lcd_chr
 355               	lcd_chr:
 356               	.LFB14:
 357               	.LM48:
 358               	.LVL29:
 359 0198 0F93      		push r16
 360 019a 1F93      		push r17
 361 019c CF93      		push r28
 362 019e DF93      		push r29
 363               	/* prologue: function */
 364               	/* frame size = 0 */
 365 01a0 082F      		mov r16,r24
 366               	.LM49:
 367 01a2 8091 0000 		lds r24,lcdCacheIdx
 368 01a6 9091 0000 		lds r25,(lcdCacheIdx)+1
 369               	.LVL30:
 370 01aa 0E94 0000 		call lcd_base_addr
 371               	.LBB14:
 372               	.LBB15:
 373               	.LM50:
 374 01ae 85E0      		ldi r24,lo8(5)
 375 01b0 089F      		mul r16,r24
 376 01b2 8001      		movw r16,r0
 377 01b4 1124      		clr r1
 378               	.LVL31:
 379 01b6 E801      		movw r28,r16
 380 01b8 C050      		subi r28,lo8(-(font5x7-160))
 381 01ba D040      		sbci r29,hi8(-(font5x7-160))
 382               	.LBE15:
 383               	.LM51:
 384 01bc 0B59      		subi r16,lo8(-(-155))
 385 01be 1040      		sbci r17,hi8(-(-155))
 386 01c0 0050      		subi r16,lo8(-(font5x7))
 387 01c2 1040      		sbci r17,hi8(-(font5x7))
 388               	.L31:
 389               	.LBB16:
 390               	.LM52:
 391 01c4 FE01      		movw r30,r28
 392               	/* #APP */
 393               	 ;  327 "nokia_lcd.c" 1
 394 01c6 8491      		lpm r24, Z
 395               		
 396               	 ;  0 "" 2
 397               	.LVL32:
 398               	/* #NOAPP */
 399               	.LBE16:
 400 01c8 880F      		lsl r24
 401               	.LVL33:
 402 01ca 61E0      		ldi r22,lo8(1)
 403 01cc 0E94 0000 		call lcd_send
 404 01d0 2196      		adiw r28,1
 405               	.LM53:
 406 01d2 C017      		cp r28,r16
 407 01d4 D107      		cpc r29,r17
 408 01d6 01F4      		brne .L31
 409               	.LBE14:
 410               	.LM54:
 411 01d8 80E0      		ldi r24,lo8(0)
 412 01da 61E0      		ldi r22,lo8(1)
 413 01dc 0E94 0000 		call lcd_send
 414               	.LM55:
 415 01e0 8091 0000 		lds r24,lcdCacheIdx
 416 01e4 9091 0000 		lds r25,(lcdCacheIdx)+1
 417 01e8 0696      		adiw r24,6
 418 01ea 9093 0000 		sts (lcdCacheIdx)+1,r25
 419 01ee 8093 0000 		sts lcdCacheIdx,r24
 420               	/* epilogue start */
 421               	.LM56:
 422 01f2 DF91      		pop r29
 423 01f4 CF91      		pop r28
 424 01f6 1F91      		pop r17
 425 01f8 0F91      		pop r16
 426 01fa 0895      		ret
 427               	.LFE14:
 429               	.global	lcd_str
 431               	lcd_str:
 432               	.LFB18:
 433               	.LM57:
 434               	.LVL34:
 435 01fc CF93      		push r28
 436 01fe DF93      		push r29
 437               	/* prologue: function */
 438               	/* frame size = 0 */
 439 0200 EC01      		movw r28,r24
 440 0202 00C0      		rjmp .L35
 441               	.LVL35:
 442               	.L36:
 443               	.LM58:
 444 0204 2196      		adiw r28,1
 445 0206 0E94 0000 		call lcd_chr
 446               	.LVL36:
 447               	.L35:
 448               	.LM59:
 449 020a 8881      		ld r24,Y
 450 020c 8823      		tst r24
 451 020e 01F4      		brne .L36
 452               	/* epilogue start */
 453               	.LM60:
 454 0210 DF91      		pop r29
 455 0212 CF91      		pop r28
 456               	.LVL37:
 457 0214 0895      		ret
 458               	.LFE18:
 460               	.global	lcd_clear_area
 462               	lcd_clear_area:
 463               	.LFB10:
 464               	.LM61:
 465               	.LVL38:
 466 0216 0F93      		push r16
 467 0218 1F93      		push r17
 468 021a CF93      		push r28
 469 021c DF93      		push r29
 470               	/* prologue: function */
 471               	/* frame size = 0 */
 472               	.LM62:
 473 021e 94E5      		ldi r25,lo8(84)
 474 0220 899F      		mul r24,r25
 475 0222 C001      		movw r24,r0
 476 0224 1124      		clr r1
 477               	.LVL39:
 478 0226 8455      		subi r24,lo8(-(-84))
 479 0228 9040      		sbci r25,hi8(-(-84))
 480               	.LM63:
 481 022a 8C01      		movw r16,r24
 482               	.LVL40:
 483 022c 040F      		add r16,r20
 484 022e 111D      		adc r17,__zero_reg__
 485 0230 0150      		subi r16,lo8(-(-1))
 486 0232 1040      		sbci r17,hi8(-(-1))
 487               	.LM64:
 488 0234 C62F      		mov r28,r22
 489               	.LVL41:
 490 0236 D0E0      		ldi r29,lo8(0)
 491               	.LVL42:
 492 0238 2197      		sbiw r28,1
 493               	.LVL43:
 494 023a C80F      		add r28,r24
 495 023c D91F      		adc r29,r25
 496 023e CE01      		movw r24,r28
 497 0240 0E94 0000 		call lcd_base_addr
 498               	.LVL44:
 499 0244 00C0      		rjmp .L39
 500               	.L40:
 501               	.LBB17:
 502               	.LM65:
 503 0246 80E0      		ldi r24,lo8(0)
 504 0248 61E0      		ldi r22,lo8(1)
 505 024a 0E94 0000 		call lcd_send
 506               	.LM66:
 507 024e 2196      		adiw r28,1
 508               	.L39:
 509 0250 C017      		cp r28,r16
 510 0252 D107      		cpc r29,r17
 511 0254 00F0      		brlo .L40
 512               	/* epilogue start */
 513               	.LBE17:
 514               	.LM67:
 515 0256 DF91      		pop r29
 516               	.LVL45:
 517 0258 CF91      		pop r28
 518               	.LVL46:
 519 025a 1F91      		pop r17
 520 025c 0F91      		pop r16
 521               	.LVL47:
 522 025e 0895      		ret
 523               	.LFE10:
 525               	.global	lcd_clear_line
 527               	lcd_clear_line:
 528               	.LFB11:
 529               	.LM68:
 530               	.LVL48:
 531               	/* prologue: function */
 532               	/* frame size = 0 */
 533               	.LM69:
 534 0260 61E0      		ldi r22,lo8(1)
 535 0262 44E5      		ldi r20,lo8(84)
 536 0264 0E94 0000 		call lcd_clear_area
 537               	.LVL49:
 538               	/* epilogue start */
 539               	.LM70:
 540 0268 0895      		ret
 541               	.LFE11:
 543               	.global	lcd_clear
 545               	lcd_clear:
 546               	.LFB9:
 547               	.LM71:
 548 026a CF93      		push r28
 549 026c DF93      		push r29
 550               	/* prologue: function */
 551               	/* frame size = 0 */
 552               	.LM72:
 553 026e 1092 0000 		sts (lcdCacheIdx)+1,__zero_reg__
 554 0272 1092 0000 		sts lcdCacheIdx,__zero_reg__
 555               	.LM73:
 556 0276 80E0      		ldi r24,lo8(0)
 557 0278 90E0      		ldi r25,hi8(0)
 558 027a 0E94 0000 		call lcd_base_addr
 559 027e C0E0      		ldi r28,lo8(0)
 560 0280 D0E0      		ldi r29,hi8(0)
 561               	.LVL50:
 562               	.L45:
 563               	.LBB18:
 564               	.LM74:
 565 0282 80E0      		ldi r24,lo8(0)
 566 0284 61E0      		ldi r22,lo8(1)
 567 0286 0E94 0000 		call lcd_send
 568               	.LM75:
 569 028a 2196      		adiw r28,1
 570 028c 81E0      		ldi r24,hi8(504)
 571 028e C83F      		cpi r28,lo8(504)
 572 0290 D807      		cpc r29,r24
 573 0292 01F4      		brne .L45
 574               	/* epilogue start */
 575               	.LBE18:
 576               	.LM76:
 577 0294 DF91      		pop r29
 578 0296 CF91      		pop r28
 579               	.LVL51:
 580 0298 0895      		ret
 581               	.LFE9:
 583               	.global	lcd_contrast
 585               	lcd_contrast:
 586               	.LFB8:
 587               	.LM77:
 588               	.LVL52:
 589 029a 1F93      		push r17
 590               	/* prologue: function */
 591               	/* frame size = 0 */
 592 029c 182F      		mov r17,r24
 593               	.LM78:
 594 029e 81E2      		ldi r24,lo8(33)
 595               	.LVL53:
 596 02a0 60E0      		ldi r22,lo8(0)
 597 02a2 0E94 0000 		call lcd_send
 598               	.LM79:
 599 02a6 812F      		mov r24,r17
 600 02a8 8068      		ori r24,lo8(-128)
 601 02aa 60E0      		ldi r22,lo8(0)
 602 02ac 0E94 0000 		call lcd_send
 603               	.LM80:
 604 02b0 80E2      		ldi r24,lo8(32)
 605 02b2 60E0      		ldi r22,lo8(0)
 606 02b4 0E94 0000 		call lcd_send
 607               	/* epilogue start */
 608               	.LM81:
 609 02b8 1F91      		pop r17
 610               	.LVL54:
 611 02ba 0895      		ret
 612               	.LFE8:
 614               	.global	lcd_init
 616               	lcd_init:
 617               	.LFB7:
 618               	.LM82:
 619               	/* prologue: function */
 620               	/* frame size = 0 */
 621               	.LM83:
 622 02bc D89A      		sbi 59-32,0
 623               	.LM84:
 624 02be 8AB3      		in r24,58-32
 625 02c0 8F61      		ori r24,lo8(31)
 626 02c2 8ABB      		out 58-32,r24
 627               	.LBB19:
 628               	.LBB20:
 629               	.LBB21:
 630               	.LBB22:
 631               	.LM85:
 632 02c4 88E9      		ldi r24,lo8(15000)
 633 02c6 9AE3      		ldi r25,hi8(15000)
 634               	.LVL55:
 635               	/* #APP */
 636               	 ;  105 "c:/winavr-20100110/lib/gcc/../../avr/include/util/delay_basic.h" 1
 637 02c8 0197      		1: sbiw r24,1
 638 02ca 01F4      		brne 1b
 639               	 ;  0 "" 2
 640               	/* #NOAPP */
 641               	.LBE22:
 642               	.LBE21:
 643               	.LBE20:
 644               	.LBE19:
 645               	.LM86:
 646 02cc D898      		cbi 59-32,0
 647               	.LM87:
 648 02ce D89A      		sbi 59-32,0
 649               	.LM88:
 650 02d0 D99A      		sbi 59-32,1
 651               	.LM89:
 652 02d2 81E2      		ldi r24,lo8(33)
 653               	.LVL56:
 654 02d4 60E0      		ldi r22,lo8(0)
 655 02d6 0E94 0000 		call lcd_send
 656               	.LM90:
 657 02da 88EC      		ldi r24,lo8(-56)
 658 02dc 60E0      		ldi r22,lo8(0)
 659 02de 0E94 0000 		call lcd_send
 660               	.LM91:
 661 02e2 86E0      		ldi r24,lo8(6)
 662 02e4 60E0      		ldi r22,lo8(0)
 663 02e6 0E94 0000 		call lcd_send
 664               	.LM92:
 665 02ea 83E1      		ldi r24,lo8(19)
 666 02ec 60E0      		ldi r22,lo8(0)
 667 02ee 0E94 0000 		call lcd_send
 668               	.LM93:
 669 02f2 80E2      		ldi r24,lo8(32)
 670 02f4 60E0      		ldi r22,lo8(0)
 671 02f6 0E94 0000 		call lcd_send
 672               	.LM94:
 673 02fa 8CE0      		ldi r24,lo8(12)
 674 02fc 60E0      		ldi r22,lo8(0)
 675 02fe 0E94 0000 		call lcd_send
 676               	.LM95:
 677 0302 0E94 0000 		call lcd_clear
 678               	/* epilogue start */
 679               	.LM96:
 680 0306 0895      		ret
 681               	.LFE7:
 683               	.global	font5x7
 684               		.section	.progmem.data,"a",@progbits
 687               	font5x7:
 688 0000 00        		.byte	0
 689 0001 00        		.byte	0
 690 0002 00        		.byte	0
 691 0003 00        		.byte	0
 692 0004 00        		.byte	0
 693 0005 00        		.byte	0
 694 0006 00        		.byte	0
 695 0007 2F        		.byte	47
 696 0008 00        		.byte	0
 697 0009 00        		.byte	0
 698 000a 00        		.byte	0
 699 000b 07        		.byte	7
 700 000c 00        		.byte	0
 701 000d 07        		.byte	7
 702 000e 00        		.byte	0
 703 000f 14        		.byte	20
 704 0010 7F        		.byte	127
 705 0011 14        		.byte	20
 706 0012 7F        		.byte	127
 707 0013 14        		.byte	20
 708 0014 24        		.byte	36
 709 0015 2A        		.byte	42
 710 0016 7F        		.byte	127
 711 0017 2A        		.byte	42
 712 0018 12        		.byte	18
 713 0019 32        		.byte	50
 714 001a 34        		.byte	52
 715 001b 08        		.byte	8
 716 001c 16        		.byte	22
 717 001d 26        		.byte	38
 718 001e 36        		.byte	54
 719 001f 49        		.byte	73
 720 0020 55        		.byte	85
 721 0021 22        		.byte	34
 722 0022 50        		.byte	80
 723 0023 00        		.byte	0
 724 0024 05        		.byte	5
 725 0025 03        		.byte	3
 726 0026 00        		.byte	0
 727 0027 00        		.byte	0
 728 0028 00        		.byte	0
 729 0029 1C        		.byte	28
 730 002a 22        		.byte	34
 731 002b 41        		.byte	65
 732 002c 00        		.byte	0
 733 002d 00        		.byte	0
 734 002e 41        		.byte	65
 735 002f 22        		.byte	34
 736 0030 1C        		.byte	28
 737 0031 00        		.byte	0
 738 0032 14        		.byte	20
 739 0033 08        		.byte	8
 740 0034 3E        		.byte	62
 741 0035 08        		.byte	8
 742 0036 14        		.byte	20
 743 0037 08        		.byte	8
 744 0038 08        		.byte	8
 745 0039 3E        		.byte	62
 746 003a 08        		.byte	8
 747 003b 08        		.byte	8
 748 003c 00        		.byte	0
 749 003d 00        		.byte	0
 750 003e 50        		.byte	80
 751 003f 30        		.byte	48
 752 0040 00        		.byte	0
 753 0041 10        		.byte	16
 754 0042 10        		.byte	16
 755 0043 10        		.byte	16
 756 0044 10        		.byte	16
 757 0045 10        		.byte	16
 758 0046 00        		.byte	0
 759 0047 60        		.byte	96
 760 0048 60        		.byte	96
 761 0049 00        		.byte	0
 762 004a 00        		.byte	0
 763 004b 20        		.byte	32
 764 004c 10        		.byte	16
 765 004d 08        		.byte	8
 766 004e 04        		.byte	4
 767 004f 02        		.byte	2
 768 0050 3E        		.byte	62
 769 0051 51        		.byte	81
 770 0052 49        		.byte	73
 771 0053 45        		.byte	69
 772 0054 3E        		.byte	62
 773 0055 00        		.byte	0
 774 0056 42        		.byte	66
 775 0057 7F        		.byte	127
 776 0058 40        		.byte	64
 777 0059 00        		.byte	0
 778 005a 42        		.byte	66
 779 005b 61        		.byte	97
 780 005c 51        		.byte	81
 781 005d 49        		.byte	73
 782 005e 46        		.byte	70
 783 005f 21        		.byte	33
 784 0060 41        		.byte	65
 785 0061 45        		.byte	69
 786 0062 4B        		.byte	75
 787 0063 31        		.byte	49
 788 0064 18        		.byte	24
 789 0065 14        		.byte	20
 790 0066 12        		.byte	18
 791 0067 7F        		.byte	127
 792 0068 10        		.byte	16
 793 0069 27        		.byte	39
 794 006a 45        		.byte	69
 795 006b 45        		.byte	69
 796 006c 45        		.byte	69
 797 006d 39        		.byte	57
 798 006e 3C        		.byte	60
 799 006f 4A        		.byte	74
 800 0070 49        		.byte	73
 801 0071 49        		.byte	73
 802 0072 30        		.byte	48
 803 0073 01        		.byte	1
 804 0074 71        		.byte	113
 805 0075 09        		.byte	9
 806 0076 05        		.byte	5
 807 0077 03        		.byte	3
 808 0078 36        		.byte	54
 809 0079 49        		.byte	73
 810 007a 49        		.byte	73
 811 007b 49        		.byte	73
 812 007c 36        		.byte	54
 813 007d 06        		.byte	6
 814 007e 49        		.byte	73
 815 007f 49        		.byte	73
 816 0080 29        		.byte	41
 817 0081 1E        		.byte	30
 818 0082 00        		.byte	0
 819 0083 36        		.byte	54
 820 0084 36        		.byte	54
 821 0085 00        		.byte	0
 822 0086 00        		.byte	0
 823 0087 00        		.byte	0
 824 0088 56        		.byte	86
 825 0089 36        		.byte	54
 826 008a 00        		.byte	0
 827 008b 00        		.byte	0
 828 008c 08        		.byte	8
 829 008d 14        		.byte	20
 830 008e 22        		.byte	34
 831 008f 41        		.byte	65
 832 0090 00        		.byte	0
 833 0091 14        		.byte	20
 834 0092 14        		.byte	20
 835 0093 14        		.byte	20
 836 0094 14        		.byte	20
 837 0095 14        		.byte	20
 838 0096 00        		.byte	0
 839 0097 41        		.byte	65
 840 0098 22        		.byte	34
 841 0099 14        		.byte	20
 842 009a 08        		.byte	8
 843 009b 02        		.byte	2
 844 009c 01        		.byte	1
 845 009d 51        		.byte	81
 846 009e 09        		.byte	9
 847 009f 06        		.byte	6
 848 00a0 32        		.byte	50
 849 00a1 49        		.byte	73
 850 00a2 59        		.byte	89
 851 00a3 51        		.byte	81
 852 00a4 3E        		.byte	62
 853 00a5 7E        		.byte	126
 854 00a6 11        		.byte	17
 855 00a7 11        		.byte	17
 856 00a8 11        		.byte	17
 857 00a9 7E        		.byte	126
 858 00aa 7F        		.byte	127
 859 00ab 49        		.byte	73
 860 00ac 49        		.byte	73
 861 00ad 49        		.byte	73
 862 00ae 36        		.byte	54
 863 00af 3E        		.byte	62
 864 00b0 41        		.byte	65
 865 00b1 41        		.byte	65
 866 00b2 41        		.byte	65
 867 00b3 22        		.byte	34
 868 00b4 7F        		.byte	127
 869 00b5 41        		.byte	65
 870 00b6 41        		.byte	65
 871 00b7 22        		.byte	34
 872 00b8 1C        		.byte	28
 873 00b9 7F        		.byte	127
 874 00ba 49        		.byte	73
 875 00bb 49        		.byte	73
 876 00bc 49        		.byte	73
 877 00bd 41        		.byte	65
 878 00be 7F        		.byte	127
 879 00bf 09        		.byte	9
 880 00c0 09        		.byte	9
 881 00c1 09        		.byte	9
 882 00c2 01        		.byte	1
 883 00c3 3E        		.byte	62
 884 00c4 41        		.byte	65
 885 00c5 49        		.byte	73
 886 00c6 49        		.byte	73
 887 00c7 7A        		.byte	122
 888 00c8 7F        		.byte	127
 889 00c9 08        		.byte	8
 890 00ca 08        		.byte	8
 891 00cb 08        		.byte	8
 892 00cc 7F        		.byte	127
 893 00cd 00        		.byte	0
 894 00ce 41        		.byte	65
 895 00cf 7F        		.byte	127
 896 00d0 41        		.byte	65
 897 00d1 00        		.byte	0
 898 00d2 20        		.byte	32
 899 00d3 40        		.byte	64
 900 00d4 41        		.byte	65
 901 00d5 3F        		.byte	63
 902 00d6 01        		.byte	1
 903 00d7 7F        		.byte	127
 904 00d8 08        		.byte	8
 905 00d9 14        		.byte	20
 906 00da 22        		.byte	34
 907 00db 41        		.byte	65
 908 00dc 7F        		.byte	127
 909 00dd 40        		.byte	64
 910 00de 40        		.byte	64
 911 00df 40        		.byte	64
 912 00e0 40        		.byte	64
 913 00e1 7F        		.byte	127
 914 00e2 02        		.byte	2
 915 00e3 0C        		.byte	12
 916 00e4 02        		.byte	2
 917 00e5 7F        		.byte	127
 918 00e6 7F        		.byte	127
 919 00e7 04        		.byte	4
 920 00e8 08        		.byte	8
 921 00e9 10        		.byte	16
 922 00ea 7F        		.byte	127
 923 00eb 3E        		.byte	62
 924 00ec 41        		.byte	65
 925 00ed 41        		.byte	65
 926 00ee 41        		.byte	65
 927 00ef 3E        		.byte	62
 928 00f0 7F        		.byte	127
 929 00f1 09        		.byte	9
 930 00f2 09        		.byte	9
 931 00f3 09        		.byte	9
 932 00f4 06        		.byte	6
 933 00f5 3E        		.byte	62
 934 00f6 41        		.byte	65
 935 00f7 51        		.byte	81
 936 00f8 21        		.byte	33
 937 00f9 5E        		.byte	94
 938 00fa 7F        		.byte	127
 939 00fb 09        		.byte	9
 940 00fc 19        		.byte	25
 941 00fd 29        		.byte	41
 942 00fe 46        		.byte	70
 943 00ff 46        		.byte	70
 944 0100 49        		.byte	73
 945 0101 49        		.byte	73
 946 0102 49        		.byte	73
 947 0103 31        		.byte	49
 948 0104 01        		.byte	1
 949 0105 01        		.byte	1
 950 0106 7F        		.byte	127
 951 0107 01        		.byte	1
 952 0108 01        		.byte	1
 953 0109 3F        		.byte	63
 954 010a 40        		.byte	64
 955 010b 40        		.byte	64
 956 010c 40        		.byte	64
 957 010d 3F        		.byte	63
 958 010e 1F        		.byte	31
 959 010f 20        		.byte	32
 960 0110 40        		.byte	64
 961 0111 20        		.byte	32
 962 0112 1F        		.byte	31
 963 0113 3F        		.byte	63
 964 0114 40        		.byte	64
 965 0115 38        		.byte	56
 966 0116 40        		.byte	64
 967 0117 3F        		.byte	63
 968 0118 63        		.byte	99
 969 0119 14        		.byte	20
 970 011a 08        		.byte	8
 971 011b 14        		.byte	20
 972 011c 63        		.byte	99
 973 011d 07        		.byte	7
 974 011e 08        		.byte	8
 975 011f 70        		.byte	112
 976 0120 08        		.byte	8
 977 0121 07        		.byte	7
 978 0122 61        		.byte	97
 979 0123 51        		.byte	81
 980 0124 49        		.byte	73
 981 0125 45        		.byte	69
 982 0126 43        		.byte	67
 983 0127 00        		.byte	0
 984 0128 7F        		.byte	127
 985 0129 41        		.byte	65
 986 012a 41        		.byte	65
 987 012b 00        		.byte	0
 988 012c 55        		.byte	85
 989 012d 2A        		.byte	42
 990 012e 55        		.byte	85
 991 012f 2A        		.byte	42
 992 0130 55        		.byte	85
 993 0131 00        		.byte	0
 994 0132 41        		.byte	65
 995 0133 41        		.byte	65
 996 0134 7F        		.byte	127
 997 0135 00        		.byte	0
 998 0136 04        		.byte	4
 999 0137 02        		.byte	2
 1000 0138 01        		.byte	1
 1001 0139 02        		.byte	2
 1002 013a 04        		.byte	4
 1003 013b 40        		.byte	64
 1004 013c 40        		.byte	64
 1005 013d 40        		.byte	64
 1006 013e 40        		.byte	64
 1007 013f 40        		.byte	64
 1008 0140 00        		.byte	0
 1009 0141 01        		.byte	1
 1010 0142 02        		.byte	2
 1011 0143 04        		.byte	4
 1012 0144 00        		.byte	0
 1013 0145 20        		.byte	32
 1014 0146 54        		.byte	84
 1015 0147 54        		.byte	84
 1016 0148 54        		.byte	84
 1017 0149 78        		.byte	120
 1018 014a 7F        		.byte	127
 1019 014b 48        		.byte	72
 1020 014c 44        		.byte	68
 1021 014d 44        		.byte	68
 1022 014e 38        		.byte	56
 1023 014f 38        		.byte	56
 1024 0150 44        		.byte	68
 1025 0151 44        		.byte	68
 1026 0152 44        		.byte	68
 1027 0153 20        		.byte	32
 1028 0154 38        		.byte	56
 1029 0155 44        		.byte	68
 1030 0156 44        		.byte	68
 1031 0157 48        		.byte	72
 1032 0158 7F        		.byte	127
 1033 0159 38        		.byte	56
 1034 015a 54        		.byte	84
 1035 015b 54        		.byte	84
 1036 015c 54        		.byte	84
 1037 015d 18        		.byte	24
 1038 015e 08        		.byte	8
 1039 015f 7E        		.byte	126
 1040 0160 09        		.byte	9
 1041 0161 01        		.byte	1
 1042 0162 02        		.byte	2
 1043 0163 0C        		.byte	12
 1044 0164 52        		.byte	82
 1045 0165 52        		.byte	82
 1046 0166 52        		.byte	82
 1047 0167 3E        		.byte	62
 1048 0168 7F        		.byte	127
 1049 0169 08        		.byte	8
 1050 016a 04        		.byte	4
 1051 016b 04        		.byte	4
 1052 016c 78        		.byte	120
 1053 016d 00        		.byte	0
 1054 016e 44        		.byte	68
 1055 016f 7D        		.byte	125
 1056 0170 40        		.byte	64
 1057 0171 00        		.byte	0
 1058 0172 20        		.byte	32
 1059 0173 40        		.byte	64
 1060 0174 44        		.byte	68
 1061 0175 3D        		.byte	61
 1062 0176 00        		.byte	0
 1063 0177 7F        		.byte	127
 1064 0178 10        		.byte	16
 1065 0179 28        		.byte	40
 1066 017a 44        		.byte	68
 1067 017b 00        		.byte	0
 1068 017c 00        		.byte	0
 1069 017d 41        		.byte	65
 1070 017e 7F        		.byte	127
 1071 017f 40        		.byte	64
 1072 0180 00        		.byte	0
 1073 0181 7C        		.byte	124
 1074 0182 04        		.byte	4
 1075 0183 18        		.byte	24
 1076 0184 04        		.byte	4
 1077 0185 78        		.byte	120
 1078 0186 7C        		.byte	124
 1079 0187 08        		.byte	8
 1080 0188 04        		.byte	4
 1081 0189 04        		.byte	4
 1082 018a 78        		.byte	120
 1083 018b 38        		.byte	56
 1084 018c 44        		.byte	68
 1085 018d 44        		.byte	68
 1086 018e 44        		.byte	68
 1087 018f 38        		.byte	56
 1088 0190 7C        		.byte	124
 1089 0191 14        		.byte	20
 1090 0192 14        		.byte	20
 1091 0193 14        		.byte	20
 1092 0194 08        		.byte	8
 1093 0195 08        		.byte	8
 1094 0196 14        		.byte	20
 1095 0197 14        		.byte	20
 1096 0198 18        		.byte	24
 1097 0199 7C        		.byte	124
 1098 019a 7C        		.byte	124
 1099 019b 08        		.byte	8
 1100 019c 04        		.byte	4
 1101 019d 04        		.byte	4
 1102 019e 08        		.byte	8
 1103 019f 48        		.byte	72
 1104 01a0 54        		.byte	84
 1105 01a1 54        		.byte	84
 1106 01a2 54        		.byte	84
 1107 01a3 20        		.byte	32
 1108 01a4 04        		.byte	4
 1109 01a5 3F        		.byte	63
 1110 01a6 44        		.byte	68
 1111 01a7 40        		.byte	64
 1112 01a8 20        		.byte	32
 1113 01a9 3C        		.byte	60
 1114 01aa 40        		.byte	64
 1115 01ab 40        		.byte	64
 1116 01ac 20        		.byte	32
 1117 01ad 7C        		.byte	124
 1118 01ae 1C        		.byte	28
 1119 01af 20        		.byte	32
 1120 01b0 40        		.byte	64
 1121 01b1 20        		.byte	32
 1122 01b2 1C        		.byte	28
 1123 01b3 3C        		.byte	60
 1124 01b4 40        		.byte	64
 1125 01b5 30        		.byte	48
 1126 01b6 40        		.byte	64
 1127 01b7 3C        		.byte	60
 1128 01b8 44        		.byte	68
 1129 01b9 28        		.byte	40
 1130 01ba 10        		.byte	16
 1131 01bb 28        		.byte	40
 1132 01bc 44        		.byte	68
 1133 01bd 0C        		.byte	12
 1134 01be 50        		.byte	80
 1135 01bf 50        		.byte	80
 1136 01c0 50        		.byte	80
 1137 01c1 3C        		.byte	60
 1138 01c2 44        		.byte	68
 1139 01c3 64        		.byte	100
 1140 01c4 54        		.byte	84
 1141 01c5 4C        		.byte	76
 1142 01c6 44        		.byte	68
 1143 01c7 00        		.byte	0
 1144 01c8 7F        		.byte	127
 1145 01c9 3E        		.byte	62
 1146 01ca 1C        		.byte	28
 1147 01cb 08        		.byte	8
 1148 01cc 08        		.byte	8
 1149 01cd 1C        		.byte	28
 1150 01ce 3E        		.byte	62
 1151 01cf 7F        		.byte	127
 1152 01d0 00        		.byte	0
 1153 01d1 08        		.byte	8
 1154 01d2 7C        		.byte	124
 1155 01d3 7E        		.byte	126
 1156 01d4 7C        		.byte	124
 1157 01d5 08        		.byte	8
 1158 01d6 10        		.byte	16
 1159 01d7 3E        		.byte	62
 1160 01d8 7E        		.byte	126
 1161 01d9 3E        		.byte	62
 1162 01da 10        		.byte	16
 1163 01db 3E        		.byte	62
 1164 01dc 3E        		.byte	62
 1165 01dd 3E        		.byte	62
 1166 01de 3E        		.byte	62
 1167 01df 3E        		.byte	62
 1168 01e0 00        		.byte	0
 1169 01e1 7F        		.byte	127
 1170 01e2 3E        		.byte	62
 1171 01e3 1C        		.byte	28
 1172 01e4 08        		.byte	8
 1173 01e5 00        		.byte	0
 1174 01e6 06        		.byte	6
 1175 01e7 09        		.byte	9
 1176 01e8 09        		.byte	9
 1177 01e9 06        		.byte	6
 1178               	.global	TABLE5
 1179               		.data
 1182               	TABLE5:
 1183 0000 00        		.byte	0
 1184 0001 00        		.byte	0
 1185 0002 00        		.byte	0
 1186 0003 00        		.byte	0
 1187 0004 00        		.byte	0
 1188 0005 00        		.byte	0
 1189 0006 00        		.byte	0
 1190 0007 5F        		.byte	95
 1191 0008 00        		.byte	0
 1192 0009 00        		.byte	0
 1193 000a 00        		.byte	0
 1194 000b 07        		.byte	7
 1195 000c 00        		.byte	0
 1196 000d 07        		.byte	7
 1197 000e 00        		.byte	0
 1198 000f 14        		.byte	20
 1199 0010 7F        		.byte	127
 1200 0011 14        		.byte	20
 1201 0012 7F        		.byte	127
 1202 0013 14        		.byte	20
 1203 0014 24        		.byte	36
 1204 0015 2A        		.byte	42
 1205 0016 7F        		.byte	127
 1206 0017 2A        		.byte	42
 1207 0018 12        		.byte	18
 1208 0019 23        		.byte	35
 1209 001a 13        		.byte	19
 1210 001b 08        		.byte	8
 1211 001c 64        		.byte	100
 1212 001d 62        		.byte	98
 1213 001e 36        		.byte	54
 1214 001f 49        		.byte	73
 1215 0020 55        		.byte	85
 1216 0021 22        		.byte	34
 1217 0022 50        		.byte	80
 1218 0023 00        		.byte	0
 1219 0024 05        		.byte	5
 1220 0025 03        		.byte	3
 1221 0026 00        		.byte	0
 1222 0027 00        		.byte	0
 1223 0028 00        		.byte	0
 1224 0029 1C        		.byte	28
 1225 002a 22        		.byte	34
 1226 002b 41        		.byte	65
 1227 002c 00        		.byte	0
 1228 002d 00        		.byte	0
 1229 002e 41        		.byte	65
 1230 002f 22        		.byte	34
 1231 0030 1C        		.byte	28
 1232 0031 00        		.byte	0
 1233 0032 14        		.byte	20
 1234 0033 08        		.byte	8
 1235 0034 3E        		.byte	62
 1236 0035 08        		.byte	8
 1237 0036 14        		.byte	20
 1238 0037 08        		.byte	8
 1239 0038 08        		.byte	8
 1240 0039 3E        		.byte	62
 1241 003a 08        		.byte	8
 1242 003b 08        		.byte	8
 1243 003c 00        		.byte	0
 1244 003d 50        		.byte	80
 1245 003e 30        		.byte	48
 1246 003f 00        		.byte	0
 1247 0040 00        		.byte	0
 1248 0041 08        		.byte	8
 1249 0042 08        		.byte	8
 1250 0043 08        		.byte	8
 1251 0044 08        		.byte	8
 1252 0045 08        		.byte	8
 1253 0046 00        		.byte	0
 1254 0047 60        		.byte	96
 1255 0048 60        		.byte	96
 1256 0049 00        		.byte	0
 1257 004a 00        		.byte	0
 1258 004b 20        		.byte	32
 1259 004c 10        		.byte	16
 1260 004d 08        		.byte	8
 1261 004e 04        		.byte	4
 1262 004f 02        		.byte	2
 1263 0050 3E        		.byte	62
 1264 0051 51        		.byte	81
 1265 0052 49        		.byte	73
 1266 0053 45        		.byte	69
 1267 0054 3E        		.byte	62
 1268 0055 00        		.byte	0
 1269 0056 42        		.byte	66
 1270 0057 7F        		.byte	127
 1271 0058 40        		.byte	64
 1272 0059 00        		.byte	0
 1273 005a 42        		.byte	66
 1274 005b 61        		.byte	97
 1275 005c 51        		.byte	81
 1276 005d 49        		.byte	73
 1277 005e 46        		.byte	70
 1278 005f 21        		.byte	33
 1279 0060 41        		.byte	65
 1280 0061 45        		.byte	69
 1281 0062 4B        		.byte	75
 1282 0063 31        		.byte	49
 1283 0064 18        		.byte	24
 1284 0065 14        		.byte	20
 1285 0066 12        		.byte	18
 1286 0067 7F        		.byte	127
 1287 0068 10        		.byte	16
 1288 0069 27        		.byte	39
 1289 006a 45        		.byte	69
 1290 006b 45        		.byte	69
 1291 006c 45        		.byte	69
 1292 006d 39        		.byte	57
 1293 006e 3C        		.byte	60
 1294 006f 4A        		.byte	74
 1295 0070 49        		.byte	73
 1296 0071 49        		.byte	73
 1297 0072 30        		.byte	48
 1298 0073 01        		.byte	1
 1299 0074 71        		.byte	113
 1300 0075 09        		.byte	9
 1301 0076 05        		.byte	5
 1302 0077 03        		.byte	3
 1303 0078 36        		.byte	54
 1304 0079 49        		.byte	73
 1305 007a 49        		.byte	73
 1306 007b 49        		.byte	73
 1307 007c 36        		.byte	54
 1308 007d 06        		.byte	6
 1309 007e 49        		.byte	73
 1310 007f 49        		.byte	73
 1311 0080 29        		.byte	41
 1312 0081 1E        		.byte	30
 1313 0082 00        		.byte	0
 1314 0083 36        		.byte	54
 1315 0084 36        		.byte	54
 1316 0085 00        		.byte	0
 1317 0086 00        		.byte	0
 1318 0087 00        		.byte	0
 1319 0088 56        		.byte	86
 1320 0089 36        		.byte	54
 1321 008a 00        		.byte	0
 1322 008b 00        		.byte	0
 1323 008c 08        		.byte	8
 1324 008d 14        		.byte	20
 1325 008e 22        		.byte	34
 1326 008f 41        		.byte	65
 1327 0090 00        		.byte	0
 1328 0091 14        		.byte	20
 1329 0092 14        		.byte	20
 1330 0093 14        		.byte	20
 1331 0094 14        		.byte	20
 1332 0095 14        		.byte	20
 1333 0096 00        		.byte	0
 1334 0097 41        		.byte	65
 1335 0098 22        		.byte	34
 1336 0099 14        		.byte	20
 1337 009a 08        		.byte	8
 1338 009b 02        		.byte	2
 1339 009c 01        		.byte	1
 1340 009d 51        		.byte	81
 1341 009e 09        		.byte	9
 1342 009f 06        		.byte	6
 1343 00a0 32        		.byte	50
 1344 00a1 49        		.byte	73
 1345 00a2 79        		.byte	121
 1346 00a3 41        		.byte	65
 1347 00a4 3E        		.byte	62
 1348 00a5 7E        		.byte	126
 1349 00a6 11        		.byte	17
 1350 00a7 11        		.byte	17
 1351 00a8 11        		.byte	17
 1352 00a9 7E        		.byte	126
 1353 00aa 7F        		.byte	127
 1354 00ab 49        		.byte	73
 1355 00ac 49        		.byte	73
 1356 00ad 49        		.byte	73
 1357 00ae 36        		.byte	54
 1358 00af 3E        		.byte	62
 1359 00b0 41        		.byte	65
 1360 00b1 41        		.byte	65
 1361 00b2 41        		.byte	65
 1362 00b3 22        		.byte	34
 1363 00b4 7F        		.byte	127
 1364 00b5 41        		.byte	65
 1365 00b6 41        		.byte	65
 1366 00b7 22        		.byte	34
 1367 00b8 1C        		.byte	28
 1368 00b9 7F        		.byte	127
 1369 00ba 49        		.byte	73
 1370 00bb 49        		.byte	73
 1371 00bc 49        		.byte	73
 1372 00bd 41        		.byte	65
 1373 00be 7F        		.byte	127
 1374 00bf 09        		.byte	9
 1375 00c0 09        		.byte	9
 1376 00c1 09        		.byte	9
 1377 00c2 01        		.byte	1
 1378 00c3 3E        		.byte	62
 1379 00c4 41        		.byte	65
 1380 00c5 49        		.byte	73
 1381 00c6 49        		.byte	73
 1382 00c7 7A        		.byte	122
 1383 00c8 7F        		.byte	127
 1384 00c9 08        		.byte	8
 1385 00ca 08        		.byte	8
 1386 00cb 08        		.byte	8
 1387 00cc 7F        		.byte	127
 1388 00cd 00        		.byte	0
 1389 00ce 41        		.byte	65
 1390 00cf 7F        		.byte	127
 1391 00d0 41        		.byte	65
 1392 00d1 00        		.byte	0
 1393 00d2 20        		.byte	32
 1394 00d3 40        		.byte	64
 1395 00d4 41        		.byte	65
 1396 00d5 3F        		.byte	63
 1397 00d6 01        		.byte	1
 1398 00d7 7F        		.byte	127
 1399 00d8 08        		.byte	8
 1400 00d9 14        		.byte	20
 1401 00da 22        		.byte	34
 1402 00db 41        		.byte	65
 1403 00dc 7F        		.byte	127
 1404 00dd 40        		.byte	64
 1405 00de 40        		.byte	64
 1406 00df 40        		.byte	64
 1407 00e0 40        		.byte	64
 1408 00e1 7F        		.byte	127
 1409 00e2 02        		.byte	2
 1410 00e3 0C        		.byte	12
 1411 00e4 02        		.byte	2
 1412 00e5 7F        		.byte	127
 1413 00e6 7F        		.byte	127
 1414 00e7 04        		.byte	4
 1415 00e8 08        		.byte	8
 1416 00e9 10        		.byte	16
 1417 00ea 7F        		.byte	127
 1418 00eb 3E        		.byte	62
 1419 00ec 41        		.byte	65
 1420 00ed 41        		.byte	65
 1421 00ee 41        		.byte	65
 1422 00ef 3E        		.byte	62
 1423               	.global	TABLE6
 1426               	TABLE6:
 1427 00f0 7F        		.byte	127
 1428 00f1 09        		.byte	9
 1429 00f2 09        		.byte	9
 1430 00f3 09        		.byte	9
 1431 00f4 06        		.byte	6
 1432 00f5 3E        		.byte	62
 1433 00f6 41        		.byte	65
 1434 00f7 51        		.byte	81
 1435 00f8 21        		.byte	33
 1436 00f9 5E        		.byte	94
 1437 00fa 7F        		.byte	127
 1438 00fb 09        		.byte	9
 1439 00fc 19        		.byte	25
 1440 00fd 29        		.byte	41
 1441 00fe 46        		.byte	70
 1442 00ff 46        		.byte	70
 1443 0100 49        		.byte	73
 1444 0101 49        		.byte	73
 1445 0102 49        		.byte	73
 1446 0103 31        		.byte	49
 1447 0104 01        		.byte	1
 1448 0105 01        		.byte	1
 1449 0106 7F        		.byte	127
 1450 0107 01        		.byte	1
 1451 0108 01        		.byte	1
 1452 0109 3F        		.byte	63
 1453 010a 40        		.byte	64
 1454 010b 40        		.byte	64
 1455 010c 40        		.byte	64
 1456 010d 3F        		.byte	63
 1457 010e 1F        		.byte	31
 1458 010f 20        		.byte	32
 1459 0110 40        		.byte	64
 1460 0111 20        		.byte	32
 1461 0112 1F        		.byte	31
 1462 0113 3F        		.byte	63
 1463 0114 40        		.byte	64
 1464 0115 38        		.byte	56
 1465 0116 40        		.byte	64
 1466 0117 3F        		.byte	63
 1467 0118 63        		.byte	99
 1468 0119 14        		.byte	20
 1469 011a 08        		.byte	8
 1470 011b 14        		.byte	20
 1471 011c 63        		.byte	99
 1472 011d 07        		.byte	7
 1473 011e 08        		.byte	8
 1474 011f 70        		.byte	112
 1475 0120 08        		.byte	8
 1476 0121 07        		.byte	7
 1477 0122 61        		.byte	97
 1478 0123 51        		.byte	81
 1479 0124 49        		.byte	73
 1480 0125 45        		.byte	69
 1481 0126 43        		.byte	67
 1482 0127 00        		.byte	0
 1483 0128 7F        		.byte	127
 1484 0129 41        		.byte	65
 1485 012a 41        		.byte	65
 1486 012b 00        		.byte	0
 1487 012c 02        		.byte	2
 1488 012d 04        		.byte	4
 1489 012e 08        		.byte	8
 1490 012f 10        		.byte	16
 1491 0130 20        		.byte	32
 1492 0131 00        		.byte	0
 1493 0132 41        		.byte	65
 1494 0133 41        		.byte	65
 1495 0134 7F        		.byte	127
 1496 0135 00        		.byte	0
 1497 0136 04        		.byte	4
 1498 0137 02        		.byte	2
 1499 0138 01        		.byte	1
 1500 0139 02        		.byte	2
 1501 013a 04        		.byte	4
 1502 013b 40        		.byte	64
 1503 013c 40        		.byte	64
 1504 013d 40        		.byte	64
 1505 013e 40        		.byte	64
 1506 013f 40        		.byte	64
 1507 0140 00        		.byte	0
 1508 0141 01        		.byte	1
 1509 0142 02        		.byte	2
 1510 0143 04        		.byte	4
 1511 0144 00        		.byte	0
 1512 0145 20        		.byte	32
 1513 0146 54        		.byte	84
 1514 0147 54        		.byte	84
 1515 0148 54        		.byte	84
 1516 0149 78        		.byte	120
 1517 014a 7F        		.byte	127
 1518 014b 48        		.byte	72
 1519 014c 44        		.byte	68
 1520 014d 44        		.byte	68
 1521 014e 38        		.byte	56
 1522 014f 38        		.byte	56
 1523 0150 44        		.byte	68
 1524 0151 44        		.byte	68
 1525 0152 44        		.byte	68
 1526 0153 20        		.byte	32
 1527 0154 38        		.byte	56
 1528 0155 44        		.byte	68
 1529 0156 44        		.byte	68
 1530 0157 48        		.byte	72
 1531 0158 7F        		.byte	127
 1532 0159 38        		.byte	56
 1533 015a 54        		.byte	84
 1534 015b 54        		.byte	84
 1535 015c 54        		.byte	84
 1536 015d 18        		.byte	24
 1537 015e 08        		.byte	8
 1538 015f 7E        		.byte	126
 1539 0160 09        		.byte	9
 1540 0161 01        		.byte	1
 1541 0162 02        		.byte	2
 1542 0163 0C        		.byte	12
 1543 0164 52        		.byte	82
 1544 0165 52        		.byte	82
 1545 0166 52        		.byte	82
 1546 0167 3E        		.byte	62
 1547 0168 7F        		.byte	127
 1548 0169 08        		.byte	8
 1549 016a 04        		.byte	4
 1550 016b 04        		.byte	4
 1551 016c 78        		.byte	120
 1552 016d 00        		.byte	0
 1553 016e 44        		.byte	68
 1554 016f 7D        		.byte	125
 1555 0170 40        		.byte	64
 1556 0171 00        		.byte	0
 1557 0172 20        		.byte	32
 1558 0173 40        		.byte	64
 1559 0174 44        		.byte	68
 1560 0175 3D        		.byte	61
 1561 0176 00        		.byte	0
 1562 0177 7F        		.byte	127
 1563 0178 10        		.byte	16
 1564 0179 28        		.byte	40
 1565 017a 44        		.byte	68
 1566 017b 00        		.byte	0
 1567 017c 00        		.byte	0
 1568 017d 41        		.byte	65
 1569 017e 7F        		.byte	127
 1570 017f 40        		.byte	64
 1571 0180 00        		.byte	0
 1572 0181 7C        		.byte	124
 1573 0182 04        		.byte	4
 1574 0183 18        		.byte	24
 1575 0184 04        		.byte	4
 1576 0185 78        		.byte	120
 1577 0186 7C        		.byte	124
 1578 0187 08        		.byte	8
 1579 0188 04        		.byte	4
 1580 0189 04        		.byte	4
 1581 018a 78        		.byte	120
 1582 018b 38        		.byte	56
 1583 018c 44        		.byte	68
 1584 018d 44        		.byte	68
 1585 018e 44        		.byte	68
 1586 018f 38        		.byte	56
 1587 0190 7C        		.byte	124
 1588 0191 14        		.byte	20
 1589 0192 14        		.byte	20
 1590 0193 14        		.byte	20
 1591 0194 08        		.byte	8
 1592 0195 08        		.byte	8
 1593 0196 14        		.byte	20
 1594 0197 14        		.byte	20
 1595 0198 18        		.byte	24
 1596 0199 7C        		.byte	124
 1597 019a 7C        		.byte	124
 1598 019b 08        		.byte	8
 1599 019c 04        		.byte	4
 1600 019d 04        		.byte	4
 1601 019e 08        		.byte	8
 1602 019f 48        		.byte	72
 1603 01a0 54        		.byte	84
 1604 01a1 54        		.byte	84
 1605 01a2 54        		.byte	84
 1606 01a3 20        		.byte	32
 1607 01a4 04        		.byte	4
 1608 01a5 3F        		.byte	63
 1609 01a6 44        		.byte	68
 1610 01a7 40        		.byte	64
 1611 01a8 20        		.byte	32
 1612 01a9 3C        		.byte	60
 1613 01aa 40        		.byte	64
 1614 01ab 40        		.byte	64
 1615 01ac 20        		.byte	32
 1616 01ad 7C        		.byte	124
 1617 01ae 1C        		.byte	28
 1618 01af 20        		.byte	32
 1619 01b0 40        		.byte	64
 1620 01b1 20        		.byte	32
 1621 01b2 1C        		.byte	28
 1622 01b3 3C        		.byte	60
 1623 01b4 40        		.byte	64
 1624 01b5 30        		.byte	48
 1625 01b6 40        		.byte	64
 1626 01b7 3C        		.byte	60
 1627 01b8 44        		.byte	68
 1628 01b9 28        		.byte	40
 1629 01ba 10        		.byte	16
 1630 01bb 28        		.byte	40
 1631 01bc 44        		.byte	68
 1632 01bd 0C        		.byte	12
 1633 01be 50        		.byte	80
 1634 01bf 50        		.byte	80
 1635 01c0 50        		.byte	80
 1636 01c1 3C        		.byte	60
 1637 01c2 44        		.byte	68
 1638 01c3 64        		.byte	100
 1639 01c4 54        		.byte	84
 1640 01c5 4C        		.byte	76
 1641 01c6 44        		.byte	68
 1642 01c7 00        		.byte	0
 1643 01c8 08        		.byte	8
 1644 01c9 36        		.byte	54
 1645 01ca 41        		.byte	65
 1646 01cb 00        		.byte	0
 1647 01cc 00        		.byte	0
 1648 01cd 00        		.byte	0
 1649 01ce 7F        		.byte	127
 1650 01cf 00        		.byte	0
 1651 01d0 00        		.byte	0
 1652 01d1 00        		.byte	0
 1653 01d2 41        		.byte	65
 1654 01d3 36        		.byte	54
 1655 01d4 08        		.byte	8
 1656 01d5 00        		.byte	0
 1657 01d6 10        		.byte	16
 1658 01d7 08        		.byte	8
 1659 01d8 08        		.byte	8
 1660 01d9 10        		.byte	16
 1661 01da 08        		.byte	8
 1662 01db 78        		.byte	120
 1663 01dc 46        		.byte	70
 1664 01dd 41        		.byte	65
 1665 01de 46        		.byte	70
 1666 01df 78        		.byte	120
 1667               		.comm lcdCacheIdx,2,1
 1796               	.Letext0:
DEFINED SYMBOLS
                            *ABS*:00000000 nokia_lcd.c
C:\DOCUME~1\ADMINI~1\LOCALS~1\Temp/ccicy1nk.s:2      *ABS*:0000003f __SREG__
C:\DOCUME~1\ADMINI~1\LOCALS~1\Temp/ccicy1nk.s:3      *ABS*:0000003e __SP_H__
C:\DOCUME~1\ADMINI~1\LOCALS~1\Temp/ccicy1nk.s:4      *ABS*:0000003d __SP_L__
C:\DOCUME~1\ADMINI~1\LOCALS~1\Temp/ccicy1nk.s:5      *ABS*:00000034 __CCP__
C:\DOCUME~1\ADMINI~1\LOCALS~1\Temp/ccicy1nk.s:6      *ABS*:00000000 __tmp_reg__
C:\DOCUME~1\ADMINI~1\LOCALS~1\Temp/ccicy1nk.s:7      *ABS*:00000001 __zero_reg__
C:\DOCUME~1\ADMINI~1\LOCALS~1\Temp/ccicy1nk.s:18     .text:00000000 lcd_goto_xy
                            *COM*:00000002 lcdCacheIdx
C:\DOCUME~1\ADMINI~1\LOCALS~1\Temp/ccicy1nk.s:48     .text:00000022 lcd_goto_xy_exact
C:\DOCUME~1\ADMINI~1\LOCALS~1\Temp/ccicy1nk.s:77     .text:0000003e lcd_send
C:\DOCUME~1\ADMINI~1\LOCALS~1\Temp/ccicy1nk.s:154    .text:00000092 lcd_base_addr
C:\DOCUME~1\ADMINI~1\LOCALS~1\Temp/ccicy1nk.s:190    .text:000000c2 table_to_nokialcd
C:\DOCUME~1\ADMINI~1\LOCALS~1\Temp/ccicy1nk.s:1182   .data:00000000 TABLE5
C:\DOCUME~1\ADMINI~1\LOCALS~1\Temp/ccicy1nk.s:1426   .data:000000f0 TABLE6
C:\DOCUME~1\ADMINI~1\LOCALS~1\Temp/ccicy1nk.s:299    .text:00000164 nokia_printchar
C:\DOCUME~1\ADMINI~1\LOCALS~1\Temp/ccicy1nk.s:324    .text:0000017e nokia_printstr
C:\DOCUME~1\ADMINI~1\LOCALS~1\Temp/ccicy1nk.s:355    .text:00000198 lcd_chr
C:\DOCUME~1\ADMINI~1\LOCALS~1\Temp/ccicy1nk.s:687    .progmem.data:00000000 font5x7
C:\DOCUME~1\ADMINI~1\LOCALS~1\Temp/ccicy1nk.s:431    .text:000001fc lcd_str
C:\DOCUME~1\ADMINI~1\LOCALS~1\Temp/ccicy1nk.s:462    .text:00000216 lcd_clear_area
C:\DOCUME~1\ADMINI~1\LOCALS~1\Temp/ccicy1nk.s:527    .text:00000260 lcd_clear_line
C:\DOCUME~1\ADMINI~1\LOCALS~1\Temp/ccicy1nk.s:545    .text:0000026a lcd_clear
C:\DOCUME~1\ADMINI~1\LOCALS~1\Temp/ccicy1nk.s:585    .text:0000029a lcd_contrast
C:\DOCUME~1\ADMINI~1\LOCALS~1\Temp/ccicy1nk.s:616    .text:000002bc lcd_init

UNDEFINED SYMBOLS
__udivmodhi4
__do_copy_data
__do_clear_bss
