   1               		.file	"lcd_lib.c"
   2               	__SREG__ = 0x3f
   3               	__SP_H__ = 0x3e
   4               	__SP_L__ = 0x3d
   5               	__CCP__  = 0x34
   6               	__tmp_reg__ = 0
   7               	__zero_reg__ = 1
  15               	.Ltext0:
  16               	.global	_delay_loop_2
  18               	_delay_loop_2:
  19               	.LFB2:
  20               	.LM1:
  21               	.LVL0:
  22               	/* prologue: function */
  23               	/* frame size = 0 */
  24               	.LM2:
  25               	/* #APP */
  26               	 ;  25 "lcd_lib.c" 1
  27 0000 0197      		1: sbiw r24,1
  28 0002 01F4      		brne 1b
  29               	 ;  0 "" 2
  30               	.LVL1:
  31               	/* epilogue start */
  32               	.LM3:
  33               	/* #NOAPP */
  34 0004 0895      		ret
  35               	.LFE2:
  37               	.global	_delay_ms
  39               	_delay_ms:
  40               	.LFB3:
  41               	.LM4:
  42               	.LVL2:
  43 0006 AF92      		push r10
  44 0008 BF92      		push r11
  45 000a CF92      		push r12
  46 000c DF92      		push r13
  47 000e EF92      		push r14
  48 0010 FF92      		push r15
  49 0012 0F93      		push r16
  50 0014 1F93      		push r17
  51               	/* prologue: function */
  52               	/* frame size = 0 */
  53 0016 5B01      		movw r10,r22
  54 0018 6C01      		movw r12,r24
  55               	.LM5:
  56 001a 20E0      		ldi r18,lo8(0x457a0000)
  57 001c 30E0      		ldi r19,hi8(0x457a0000)
  58 001e 4AE7      		ldi r20,hlo8(0x457a0000)
  59 0020 55E4      		ldi r21,hhi8(0x457a0000)
  60 0022 0E94 0000 		call __mulsf3
  61               	.LVL3:
  62 0026 7B01      		movw r14,r22
  63 0028 8C01      		movw r16,r24
  64               	.LM6:
  65 002a 20E0      		ldi r18,lo8(0x3f800000)
  66 002c 30E0      		ldi r19,hi8(0x3f800000)
  67 002e 40E8      		ldi r20,hlo8(0x3f800000)
  68 0030 5FE3      		ldi r21,hhi8(0x3f800000)
  69 0032 0E94 0000 		call __ltsf2
  70 0036 8823      		tst r24
  71 0038 04F4      		brge .L15
  72 003a 61E0      		ldi r22,lo8(1)
  73 003c 70E0      		ldi r23,hi8(1)
  74               	.LVL4:
  75 003e 00C0      		rjmp .L6
  76               	.LVL5:
  77               	.L15:
  78               	.LM7:
  79 0040 C801      		movw r24,r16
  80 0042 B701      		movw r22,r14
  81 0044 20E0      		ldi r18,lo8(0x477fff00)
  82 0046 3FEF      		ldi r19,hi8(0x477fff00)
  83 0048 4FE7      		ldi r20,hlo8(0x477fff00)
  84 004a 57E4      		ldi r21,hhi8(0x477fff00)
  85 004c 0E94 0000 		call __gtsf2
  86 0050 1816      		cp __zero_reg__,r24
  87 0052 04F4      		brge .L16
  88               	.LM8:
  89 0054 C601      		movw r24,r12
  90 0056 B501      		movw r22,r10
  91 0058 20E0      		ldi r18,lo8(0x41200000)
  92 005a 30E0      		ldi r19,hi8(0x41200000)
  93 005c 40E2      		ldi r20,hlo8(0x41200000)
  94 005e 51E4      		ldi r21,hhi8(0x41200000)
  95 0060 0E94 0000 		call __mulsf3
  96 0064 0E94 0000 		call __fixunssfsi
  97               	.LBB6:
  98               	.LBB7:
  99               	.LM9:
 100 0068 80E9      		ldi r24,lo8(400)
 101 006a 91E0      		ldi r25,hi8(400)
 102 006c 00C0      		rjmp .L9
 103               	.LVL6:
 104               	.L10:
 105 006e FC01      		movw r30,r24
 106               	/* #APP */
 107               	 ;  25 "lcd_lib.c" 1
 108 0070 3197      		1: sbiw r30,1
 109 0072 01F4      		brne 1b
 110               	 ;  0 "" 2
 111               	/* #NOAPP */
 112               	.LBE7:
 113               	.LBE6:
 114               	.LM10:
 115 0074 6150      		subi r22,lo8(-(-1))
 116 0076 7040      		sbci r23,hi8(-(-1))
 117               	.L9:
 118               	.LM11:
 119 0078 6115      		cp r22,__zero_reg__
 120 007a 7105      		cpc r23,__zero_reg__
 121 007c 01F4      		brne .L10
 122 007e 00C0      		rjmp .L12
 123               	.LVL7:
 124               	.L16:
 125               	.LM12:
 126 0080 C801      		movw r24,r16
 127 0082 B701      		movw r22,r14
 128 0084 0E94 0000 		call __fixunssfsi
 129               	.LVL8:
 130               	.L6:
 131               	.LBB8:
 132               	.LBB9:
 133               	.LM13:
 134 0088 CB01      		movw r24,r22
 135               	.LVL9:
 136               	/* #APP */
 137               	 ;  25 "lcd_lib.c" 1
 138 008a 0197      		1: sbiw r24,1
 139 008c 01F4      		brne 1b
 140               	 ;  0 "" 2
 141               	.LVL10:
 142               	/* #NOAPP */
 143               	.L12:
 144               	/* epilogue start */
 145               	.LBE9:
 146               	.LBE8:
 147               	.LM14:
 148 008e 1F91      		pop r17
 149 0090 0F91      		pop r16
 150 0092 FF90      		pop r15
 151 0094 EF90      		pop r14
 152 0096 DF90      		pop r13
 153 0098 CF90      		pop r12
 154 009a BF90      		pop r11
 155 009c AF90      		pop r10
 156               	.LVL11:
 157 009e 0895      		ret
 158               	.LFE3:
 160               	.global	LCDstrLen
 162               	LCDstrLen:
 163               	.LFB4:
 164               	.LM15:
 165               	.LVL12:
 166               	/* prologue: function */
 167               	/* frame size = 0 */
 168 00a0 AC01      		movw r20,r24
 169               	.LM16:
 170 00a2 20E0      		ldi r18,lo8(0)
 171               	.LVL13:
 172 00a4 00C0      		rjmp .L18
 173               	.LVL14:
 174               	.L19:
 175               	.LM17:
 176 00a6 2F5F      		subi r18,lo8(-(1))
 177               	.LVL15:
 178               	.L18:
 179 00a8 FA01      		movw r30,r20
 180 00aa E20F      		add r30,r18
 181 00ac F11D      		adc r31,__zero_reg__
 182 00ae 8081      		ld r24,Z
 183 00b0 8823      		tst r24
 184 00b2 01F4      		brne .L19
 185               	.LM18:
 186 00b4 822F      		mov r24,r18
 187               	/* epilogue start */
 188 00b6 0895      		ret
 189               	.LFE4:
 191               	.global	LCDsendChar
 193               	LCDsendChar:
 194               	.LFB5:
 195               	.LM19:
 196               	.LVL16:
 197 00b8 0F93      		push r16
 198 00ba 1F93      		push r17
 199               	/* prologue: function */
 200               	/* frame size = 0 */
 201 00bc 082F      		mov r16,r24
 202               	.LM20:
 203 00be 807F      		andi r24,lo8(-16)
 204               	.LVL17:
 205 00c0 8BBB      		out 59-32,r24
 206               	.LM21:
 207 00c2 D89A      		sbi 59-32,0
 208               	.LM22:
 209 00c4 DA9A      		sbi 59-32,2
 210               	.LM23:
 211 00c6 60E0      		ldi r22,lo8(0x3f800000)
 212 00c8 70E0      		ldi r23,hi8(0x3f800000)
 213 00ca 80E8      		ldi r24,hlo8(0x3f800000)
 214 00cc 9FE3      		ldi r25,hhi8(0x3f800000)
 215 00ce 0E94 0000 		call _delay_ms
 216               	.LM24:
 217 00d2 DA98      		cbi 59-32,2
 218               	.LM25:
 219 00d4 D898      		cbi 59-32,0
 220               	.LM26:
 221 00d6 60E0      		ldi r22,lo8(0x3f800000)
 222 00d8 70E0      		ldi r23,hi8(0x3f800000)
 223 00da 80E8      		ldi r24,hlo8(0x3f800000)
 224 00dc 9FE3      		ldi r25,hhi8(0x3f800000)
 225 00de 0E94 0000 		call _delay_ms
 226               	.LM27:
 227 00e2 10E0      		ldi r17,lo8(0)
 228               	.LVL18:
 229 00e4 84E0      		ldi r24,4
 230 00e6 000F      	1:	lsl r16
 231 00e8 111F      		rol r17
 232 00ea 8A95      		dec r24
 233 00ec 01F4      		brne 1b
 234               	.LVL19:
 235 00ee 0BBB      		out 59-32,r16
 236               	.LM28:
 237 00f0 D89A      		sbi 59-32,0
 238               	.LM29:
 239 00f2 DA9A      		sbi 59-32,2
 240               	.LM30:
 241 00f4 60E0      		ldi r22,lo8(0x3f800000)
 242 00f6 70E0      		ldi r23,hi8(0x3f800000)
 243 00f8 80E8      		ldi r24,hlo8(0x3f800000)
 244 00fa 9FE3      		ldi r25,hhi8(0x3f800000)
 245 00fc 0E94 0000 		call _delay_ms
 246               	.LM31:
 247 0100 DA98      		cbi 59-32,2
 248               	.LM32:
 249 0102 D898      		cbi 59-32,0
 250               	.LM33:
 251 0104 60E0      		ldi r22,lo8(0x3f800000)
 252 0106 70E0      		ldi r23,hi8(0x3f800000)
 253 0108 80E8      		ldi r24,hlo8(0x3f800000)
 254 010a 9FE3      		ldi r25,hhi8(0x3f800000)
 255 010c 0E94 0000 		call _delay_ms
 256               	/* epilogue start */
 257               	.LM34:
 258 0110 1F91      		pop r17
 259               	.LVL20:
 260 0112 0F91      		pop r16
 261               	.LVL21:
 262 0114 0895      		ret
 263               	.LFE5:
 265               	.global	LCDsendCommand
 267               	LCDsendCommand:
 268               	.LFB6:
 269               	.LM35:
 270               	.LVL22:
 271 0116 0F93      		push r16
 272 0118 1F93      		push r17
 273               	/* prologue: function */
 274               	/* frame size = 0 */
 275 011a 082F      		mov r16,r24
 276               	.LM36:
 277 011c 807F      		andi r24,lo8(-16)
 278               	.LVL23:
 279 011e 8BBB      		out 59-32,r24
 280               	.LM37:
 281 0120 DA9A      		sbi 59-32,2
 282               	.LM38:
 283 0122 60E0      		ldi r22,lo8(0x3f800000)
 284 0124 70E0      		ldi r23,hi8(0x3f800000)
 285 0126 80E8      		ldi r24,hlo8(0x3f800000)
 286 0128 9FE3      		ldi r25,hhi8(0x3f800000)
 287 012a 0E94 0000 		call _delay_ms
 288               	.LM39:
 289 012e DA98      		cbi 59-32,2
 290               	.LM40:
 291 0130 60E0      		ldi r22,lo8(0x3f800000)
 292 0132 70E0      		ldi r23,hi8(0x3f800000)
 293 0134 80E8      		ldi r24,hlo8(0x3f800000)
 294 0136 9FE3      		ldi r25,hhi8(0x3f800000)
 295 0138 0E94 0000 		call _delay_ms
 296               	.LM41:
 297 013c 10E0      		ldi r17,lo8(0)
 298               	.LVL24:
 299 013e 94E0      		ldi r25,4
 300 0140 000F      	1:	lsl r16
 301 0142 111F      		rol r17
 302 0144 9A95      		dec r25
 303 0146 01F4      		brne 1b
 304               	.LVL25:
 305 0148 0BBB      		out 59-32,r16
 306               	.LM42:
 307 014a DA9A      		sbi 59-32,2
 308               	.LM43:
 309 014c 60E0      		ldi r22,lo8(0x3f800000)
 310 014e 70E0      		ldi r23,hi8(0x3f800000)
 311 0150 80E8      		ldi r24,hlo8(0x3f800000)
 312 0152 9FE3      		ldi r25,hhi8(0x3f800000)
 313 0154 0E94 0000 		call _delay_ms
 314               	.LM44:
 315 0158 DA98      		cbi 59-32,2
 316               	.LM45:
 317 015a 60E0      		ldi r22,lo8(0x3f800000)
 318 015c 70E0      		ldi r23,hi8(0x3f800000)
 319 015e 80E8      		ldi r24,hlo8(0x3f800000)
 320 0160 9FE3      		ldi r25,hhi8(0x3f800000)
 321 0162 0E94 0000 		call _delay_ms
 322               	/* epilogue start */
 323               	.LM46:
 324 0166 1F91      		pop r17
 325               	.LVL26:
 326 0168 0F91      		pop r16
 327               	.LVL27:
 328 016a 0895      		ret
 329               	.LFE6:
 331               	.global	LCDinit
 333               	LCDinit:
 334               	.LFB7:
 335               	.LM47:
 336 016c 1F93      		push r17
 337               	/* prologue: function */
 338               	/* frame size = 0 */
 339               	.LM48:
 340 016e 60E0      		ldi r22,lo8(0x41700000)
 341 0170 70E0      		ldi r23,hi8(0x41700000)
 342 0172 80E7      		ldi r24,hlo8(0x41700000)
 343 0174 91E4      		ldi r25,hhi8(0x41700000)
 344 0176 0E94 0000 		call _delay_ms
 345               	.LM49:
 346 017a 1BBA      		out 59-32,__zero_reg__
 347               	.LM50:
 348 017c 1BBA      		out 59-32,__zero_reg__
 349               	.LM51:
 350 017e 8AB3      		in r24,58-32
 351 0180 806F      		ori r24,lo8(-16)
 352 0182 8ABB      		out 58-32,r24
 353               	.LM52:
 354 0184 8AB3      		in r24,58-32
 355 0186 8760      		ori r24,lo8(7)
 356 0188 8ABB      		out 58-32,r24
 357               	.LM53:
 358 018a 10E3      		ldi r17,lo8(48)
 359 018c 1BBB      		out 59-32,r17
 360               	.LM54:
 361 018e DA9A      		sbi 59-32,2
 362               	.LM55:
 363 0190 60E0      		ldi r22,lo8(0x3f800000)
 364 0192 70E0      		ldi r23,hi8(0x3f800000)
 365 0194 80E8      		ldi r24,hlo8(0x3f800000)
 366 0196 9FE3      		ldi r25,hhi8(0x3f800000)
 367 0198 0E94 0000 		call _delay_ms
 368               	.LM56:
 369 019c DA98      		cbi 59-32,2
 370               	.LM57:
 371 019e 60E0      		ldi r22,lo8(0x3f800000)
 372 01a0 70E0      		ldi r23,hi8(0x3f800000)
 373 01a2 80E8      		ldi r24,hlo8(0x3f800000)
 374 01a4 9FE3      		ldi r25,hhi8(0x3f800000)
 375 01a6 0E94 0000 		call _delay_ms
 376               	.LM58:
 377 01aa 1BBB      		out 59-32,r17
 378               	.LM59:
 379 01ac DA9A      		sbi 59-32,2
 380               	.LM60:
 381 01ae 60E0      		ldi r22,lo8(0x3f800000)
 382 01b0 70E0      		ldi r23,hi8(0x3f800000)
 383 01b2 80E8      		ldi r24,hlo8(0x3f800000)
 384 01b4 9FE3      		ldi r25,hhi8(0x3f800000)
 385 01b6 0E94 0000 		call _delay_ms
 386               	.LM61:
 387 01ba DA98      		cbi 59-32,2
 388               	.LM62:
 389 01bc 60E0      		ldi r22,lo8(0x3f800000)
 390 01be 70E0      		ldi r23,hi8(0x3f800000)
 391 01c0 80E8      		ldi r24,hlo8(0x3f800000)
 392 01c2 9FE3      		ldi r25,hhi8(0x3f800000)
 393 01c4 0E94 0000 		call _delay_ms
 394               	.LM63:
 395 01c8 80E2      		ldi r24,lo8(32)
 396 01ca 8BBB      		out 59-32,r24
 397               	.LM64:
 398 01cc DA9A      		sbi 59-32,2
 399               	.LM65:
 400 01ce 60E0      		ldi r22,lo8(0x3f800000)
 401 01d0 70E0      		ldi r23,hi8(0x3f800000)
 402 01d2 80E8      		ldi r24,hlo8(0x3f800000)
 403 01d4 9FE3      		ldi r25,hhi8(0x3f800000)
 404 01d6 0E94 0000 		call _delay_ms
 405               	.LM66:
 406 01da DA98      		cbi 59-32,2
 407               	.LM67:
 408 01dc 60E0      		ldi r22,lo8(0x3f800000)
 409 01de 70E0      		ldi r23,hi8(0x3f800000)
 410 01e0 80E8      		ldi r24,hlo8(0x3f800000)
 411 01e2 9FE3      		ldi r25,hhi8(0x3f800000)
 412 01e4 0E94 0000 		call _delay_ms
 413               	.LM68:
 414 01e8 88E2      		ldi r24,lo8(40)
 415 01ea 0E94 0000 		call LCDsendCommand
 416               	.LM69:
 417 01ee 8EE0      		ldi r24,lo8(14)
 418 01f0 0E94 0000 		call LCDsendCommand
 419               	/* epilogue start */
 420               	.LM70:
 421 01f4 1F91      		pop r17
 422 01f6 0895      		ret
 423               	.LFE7:
 425               	.global	LCDclr
 427               	LCDclr:
 428               	.LFB8:
 429               	.LM71:
 430               	/* prologue: function */
 431               	/* frame size = 0 */
 432               	.LM72:
 433 01f8 81E0      		ldi r24,lo8(1)
 434 01fa 0E94 0000 		call LCDsendCommand
 435               	/* epilogue start */
 436               	.LM73:
 437 01fe 0895      		ret
 438               	.LFE8:
 440               	.global	LCDhome
 442               	LCDhome:
 443               	.LFB9:
 444               	.LM74:
 445               	/* prologue: function */
 446               	/* frame size = 0 */
 447               	.LM75:
 448 0200 82E0      		ldi r24,lo8(2)
 449 0202 0E94 0000 		call LCDsendCommand
 450               	/* epilogue start */
 451               	.LM76:
 452 0206 0895      		ret
 453               	.LFE9:
 455               	.global	LCDGotoXY
 457               	LCDGotoXY:
 458               	.LFB11:
 459               	.LM77:
 460               	.LVL28:
 461               	/* prologue: function */
 462               	/* frame size = 0 */
 463               	.LM78:
 464 0208 6230      		cpi r22,lo8(2)
 465 020a 01F0      		breq .L34
 466 020c 6330      		cpi r22,lo8(3)
 467 020e 01F0      		breq .L35
 468 0210 6130      		cpi r22,lo8(1)
 469 0212 01F4      		brne .L36
 470               	.LM79:
 471 0214 805C      		subi r24,lo8(-(64))
 472               	.LVL29:
 473 0216 00C0      		rjmp .L36
 474               	.LVL30:
 475               	.L34:
 476               	.LM80:
 477 0218 8C5E      		subi r24,lo8(-(20))
 478               	.LVL31:
 479 021a 00C0      		rjmp .L36
 480               	.LVL32:
 481               	.L35:
 482               	.LM81:
 483 021c 8C5A      		subi r24,lo8(-(84))
 484               	.LVL33:
 485               	.L36:
 486               	.LM82:
 487 021e 8068      		ori r24,lo8(-128)
 488               	.LVL34:
 489 0220 0E94 0000 		call LCDsendCommand
 490               	.LVL35:
 491               	/* epilogue start */
 492               	.LM83:
 493 0224 0895      		ret
 494               	.LFE11:
 496               	.global	LCDstring
 498               	LCDstring:
 499               	.LFB10:
 500               	.LM84:
 501               	.LVL36:
 502 0226 1F93      		push r17
 503 0228 CF93      		push r28
 504 022a DF93      		push r29
 505               	/* prologue: function */
 506               	/* frame size = 0 */
 507 022c EC01      		movw r28,r24
 508               	.LM85:
 509 022e 0097      		sbiw r24,0
 510 0230 01F0      		breq .L44
 511 0232 10E0      		ldi r17,lo8(0)
 512               	.LVL37:
 513 0234 00C0      		rjmp .L40
 514               	.LVL38:
 515               	.L43:
 516               	.LM86:
 517 0236 8A30      		cpi r24,lo8(10)
 518 0238 01F4      		brne .L41
 519               	.LM87:
 520 023a 80E0      		ldi r24,lo8(0)
 521 023c 61E0      		ldi r22,lo8(1)
 522 023e 0E94 0000 		call LCDGotoXY
 523 0242 00C0      		rjmp .L42
 524               	.L41:
 525               	.LM88:
 526 0244 0E94 0000 		call LCDsendChar
 527               	.L42:
 528               	.LM89:
 529 0248 1F5F      		subi r17,lo8(-(1))
 530               	.LVL39:
 531               	.L40:
 532               	.LM90:
 533 024a FE01      		movw r30,r28
 534 024c E10F      		add r30,r17
 535 024e F11D      		adc r31,__zero_reg__
 536 0250 8081      		ld r24,Z
 537 0252 8823      		tst r24
 538 0254 01F4      		brne .L43
 539               	.LVL40:
 540               	.L44:
 541               	/* epilogue start */
 542               	.LM91:
 543 0256 DF91      		pop r29
 544 0258 CF91      		pop r28
 545               	.LVL41:
 546 025a 1F91      		pop r17
 547               	.LVL42:
 548 025c 0895      		ret
 549               	.LFE10:
 551               	.global	CopyStringtoLCD
 553               	CopyStringtoLCD:
 554               	.LFB12:
 555               	.LM92:
 556               	.LVL43:
 557 025e 1F93      		push r17
 558 0260 CF93      		push r28
 559 0262 DF93      		push r29
 560               	/* prologue: function */
 561               	/* frame size = 0 */
 562 0264 EC01      		movw r28,r24
 563 0266 862F      		mov r24,r22
 564               	.LVL44:
 565               	.LM93:
 566 0268 642F      		mov r22,r20
 567               	.LVL45:
 568 026a 0E94 0000 		call LCDGotoXY
 569               	.LVL46:
 570 026e 10E0      		ldi r17,lo8(0)
 571               	.LVL47:
 572 0270 00C0      		rjmp .L46
 573               	.LVL48:
 574               	.L47:
 575               	.LM94:
 576 0272 0E94 0000 		call LCDsendChar
 577               	.LVL49:
 578               	.LM95:
 579 0276 1F5F      		subi r17,lo8(-(1))
 580               	.L46:
 581               	.LBB10:
 582 0278 FE01      		movw r30,r28
 583               	.LVL50:
 584 027a E10F      		add r30,r17
 585 027c F11D      		adc r31,__zero_reg__
 586               	/* #APP */
 587               	 ;  212 "lcd_lib.c" 1
 588 027e 8491      		lpm r24, Z
 589               		
 590               	 ;  0 "" 2
 591               	.LVL51:
 592               	/* #NOAPP */
 593               	.LBE10:
 594 0280 8823      		tst r24
 595 0282 01F4      		brne .L47
 596               	/* epilogue start */
 597               	.LM96:
 598 0284 DF91      		pop r29
 599 0286 CF91      		pop r28
 600               	.LVL52:
 601 0288 1F91      		pop r17
 602               	.LVL53:
 603 028a 0895      		ret
 604               	.LFE12:
 606               	.global	LCDdefinechar
 608               	LCDdefinechar:
 609               	.LFB13:
 610               	.LM97:
 611               	.LVL54:
 612 028c EF92      		push r14
 613 028e FF92      		push r15
 614 0290 0F93      		push r16
 615 0292 1F93      		push r17
 616 0294 CF93      		push r28
 617 0296 DF93      		push r29
 618               	/* prologue: function */
 619               	/* frame size = 0 */
 620 0298 7C01      		movw r14,r24
 621 029a 162F      		mov r17,r22
 622               	.LVL55:
 623               	.LM98:
 624 029c 110F      		lsl r17
 625 029e 110F      		lsl r17
 626 02a0 110F      		lsl r17
 627 02a2 1064      		ori r17,lo8(64)
 628 02a4 C0E0      		ldi r28,lo8(0)
 629 02a6 D0E0      		ldi r29,hi8(0)
 630               	.LVL56:
 631               	.L50:
 632               	.LBB11:
 633               	.LM99:
 634 02a8 F701      		movw r30,r14
 635 02aa EC0F      		add r30,r28
 636 02ac FD1F      		adc r31,r29
 637               	/* #APP */
 638               	 ;  237 "lcd_lib.c" 1
 639 02ae 0491      		lpm r16, Z
 640               		
 641               	 ;  0 "" 2
 642               	.LVL57:
 643               	/* #NOAPP */
 644               	.LBE11:
 645               	.LM100:
 646 02b0 812F      		mov r24,r17
 647 02b2 8C0F      		add r24,r28
 648 02b4 0E94 0000 		call LCDsendCommand
 649               	.LVL58:
 650               	.LM101:
 651 02b8 802F      		mov r24,r16
 652 02ba 0E94 0000 		call LCDsendChar
 653               	.LM102:
 654 02be 2196      		adiw r28,1
 655 02c0 C830      		cpi r28,8
 656 02c2 D105      		cpc r29,__zero_reg__
 657 02c4 01F4      		brne .L50
 658               	/* epilogue start */
 659               	.LM103:
 660 02c6 DF91      		pop r29
 661 02c8 CF91      		pop r28
 662               	.LVL59:
 663 02ca 1F91      		pop r17
 664               	.LVL60:
 665 02cc 0F91      		pop r16
 666               	.LVL61:
 667 02ce FF90      		pop r15
 668 02d0 EF90      		pop r14
 669               	.LVL62:
 670 02d2 0895      		ret
 671               	.LFE13:
 673               	.global	LCDshiftLeft
 675               	LCDshiftLeft:
 676               	.LFB14:
 677               	.LM104:
 678               	.LVL63:
 679 02d4 0F93      		push r16
 680 02d6 1F93      		push r17
 681               	/* prologue: function */
 682               	/* frame size = 0 */
 683 02d8 082F      		mov r16,r24
 684               	.LM105:
 685 02da 10E0      		ldi r17,lo8(0)
 686               	.LVL64:
 687 02dc 00C0      		rjmp .L54
 688               	.LVL65:
 689               	.L55:
 690               	.LBB12:
 691               	.LM106:
 692 02de 8EE1      		ldi r24,lo8(30)
 693 02e0 0E94 0000 		call LCDsendCommand
 694               	.LM107:
 695 02e4 1F5F      		subi r17,lo8(-(1))
 696               	.LVL66:
 697               	.L54:
 698 02e6 1017      		cp r17,r16
 699 02e8 00F0      		brlo .L55
 700               	/* epilogue start */
 701               	.LBE12:
 702               	.LM108:
 703 02ea 1F91      		pop r17
 704               	.LVL67:
 705 02ec 0F91      		pop r16
 706               	.LVL68:
 707 02ee 0895      		ret
 708               	.LFE14:
 710               	.global	LCDshiftRight
 712               	LCDshiftRight:
 713               	.LFB15:
 714               	.LM109:
 715               	.LVL69:
 716 02f0 0F93      		push r16
 717 02f2 1F93      		push r17
 718               	/* prologue: function */
 719               	/* frame size = 0 */
 720 02f4 082F      		mov r16,r24
 721               	.LM110:
 722 02f6 10E0      		ldi r17,lo8(0)
 723               	.LVL70:
 724 02f8 00C0      		rjmp .L58
 725               	.LVL71:
 726               	.L59:
 727               	.LBB13:
 728               	.LM111:
 729 02fa 88E1      		ldi r24,lo8(24)
 730 02fc 0E94 0000 		call LCDsendCommand
 731               	.LM112:
 732 0300 1F5F      		subi r17,lo8(-(1))
 733               	.LVL72:
 734               	.L58:
 735 0302 1017      		cp r17,r16
 736 0304 00F0      		brlo .L59
 737               	/* epilogue start */
 738               	.LBE13:
 739               	.LM113:
 740 0306 1F91      		pop r17
 741               	.LVL73:
 742 0308 0F91      		pop r16
 743               	.LVL74:
 744 030a 0895      		ret
 745               	.LFE15:
 747               	.global	LCDcursorOn
 749               	LCDcursorOn:
 750               	.LFB16:
 751               	.LM114:
 752               	/* prologue: function */
 753               	/* frame size = 0 */
 754               	.LM115:
 755 030c 8EE0      		ldi r24,lo8(14)
 756 030e 0E94 0000 		call LCDsendCommand
 757               	/* epilogue start */
 758               	.LM116:
 759 0312 0895      		ret
 760               	.LFE16:
 762               	.global	LCDcursorOnBlink
 764               	LCDcursorOnBlink:
 765               	.LFB17:
 766               	.LM117:
 767               	/* prologue: function */
 768               	/* frame size = 0 */
 769               	.LM118:
 770 0314 8FE0      		ldi r24,lo8(15)
 771 0316 0E94 0000 		call LCDsendCommand
 772               	/* epilogue start */
 773               	.LM119:
 774 031a 0895      		ret
 775               	.LFE17:
 777               	.global	LCDcursorOFF
 779               	LCDcursorOFF:
 780               	.LFB18:
 781               	.LM120:
 782               	/* prologue: function */
 783               	/* frame size = 0 */
 784               	.LM121:
 785 031c 8CE0      		ldi r24,lo8(12)
 786 031e 0E94 0000 		call LCDsendCommand
 787               	/* epilogue start */
 788               	.LM122:
 789 0322 0895      		ret
 790               	.LFE18:
 792               	.global	LCDblank
 794               	LCDblank:
 795               	.LFB19:
 796               	.LM123:
 797               	/* prologue: function */
 798               	/* frame size = 0 */
 799               	.LM124:
 800 0324 88E0      		ldi r24,lo8(8)
 801 0326 0E94 0000 		call LCDsendCommand
 802               	/* epilogue start */
 803               	.LM125:
 804 032a 0895      		ret
 805               	.LFE19:
 807               	.global	LCDvisible
 809               	LCDvisible:
 810               	.LFB20:
 811               	.LM126:
 812               	/* prologue: function */
 813               	/* frame size = 0 */
 814               	.LM127:
 815 032c 8CE0      		ldi r24,lo8(12)
 816 032e 0E94 0000 		call LCDsendCommand
 817               	/* epilogue start */
 818               	.LM128:
 819 0332 0895      		ret
 820               	.LFE20:
 822               	.global	LCDcursorLeft
 824               	LCDcursorLeft:
 825               	.LFB21:
 826               	.LM129:
 827               	.LVL75:
 828 0334 0F93      		push r16
 829 0336 1F93      		push r17
 830               	/* prologue: function */
 831               	/* frame size = 0 */
 832 0338 082F      		mov r16,r24
 833               	.LM130:
 834 033a 10E0      		ldi r17,lo8(0)
 835               	.LVL76:
 836 033c 00C0      		rjmp .L72
 837               	.LVL77:
 838               	.L73:
 839               	.LBB14:
 840               	.LM131:
 841 033e 80E1      		ldi r24,lo8(16)
 842 0340 0E94 0000 		call LCDsendCommand
 843               	.LM132:
 844 0344 1F5F      		subi r17,lo8(-(1))
 845               	.LVL78:
 846               	.L72:
 847 0346 1017      		cp r17,r16
 848 0348 00F0      		brlo .L73
 849               	/* epilogue start */
 850               	.LBE14:
 851               	.LM133:
 852 034a 1F91      		pop r17
 853               	.LVL79:
 854 034c 0F91      		pop r16
 855               	.LVL80:
 856 034e 0895      		ret
 857               	.LFE21:
 859               	.global	LCDcursorRight
 861               	LCDcursorRight:
 862               	.LFB22:
 863               	.LM134:
 864               	.LVL81:
 865 0350 0F93      		push r16
 866 0352 1F93      		push r17
 867               	/* prologue: function */
 868               	/* frame size = 0 */
 869 0354 082F      		mov r16,r24
 870               	.LM135:
 871 0356 10E0      		ldi r17,lo8(0)
 872               	.LVL82:
 873 0358 00C0      		rjmp .L76
 874               	.LVL83:
 875               	.L77:
 876               	.LBB15:
 877               	.LM136:
 878 035a 84E1      		ldi r24,lo8(20)
 879 035c 0E94 0000 		call LCDsendCommand
 880               	.LM137:
 881 0360 1F5F      		subi r17,lo8(-(1))
 882               	.LVL84:
 883               	.L76:
 884 0362 1017      		cp r17,r16
 885 0364 00F0      		brlo .L77
 886               	/* epilogue start */
 887               	.LBE15:
 888               	.LM138:
 889 0366 1F91      		pop r17
 890               	.LVL85:
 891 0368 0F91      		pop r16
 892               	.LVL86:
 893 036a 0895      		ret
 894               	.LFE22:
 896               	.global	LCDWriteInt
 898               	LCDWriteInt:
 899               	.LFB23:
 900               	.LM139:
 901               	.LVL87:
 902 036c EF92      		push r14
 903 036e FF92      		push r15
 904 0370 0F93      		push r16
 905 0372 1F93      		push r17
 906 0374 DF93      		push r29
 907 0376 CF93      		push r28
 908 0378 00D0      		rcall .
 909 037a 00D0      		rcall .
 910 037c 0F92      		push __tmp_reg__
 911 037e CDB7      		in r28,__SP_L__
 912 0380 DEB7      		in r29,__SP_H__
 913               	/* prologue: function */
 914               	/* frame size = 5 */
 915 0382 9C01      		movw r18,r24
 916 0384 8B01      		movw r16,r22
 917               	.LM140:
 918 0386 FE01      		movw r30,r28
 919 0388 3196      		adiw r30,1
 920 038a 85E0      		ldi r24,lo8(5)
 921               	.LVL88:
 922 038c DF01      		movw r26,r30
 923 038e 1D92      		st X+,__zero_reg__
 924 0390 8A95      	        dec r24
 925 0392 01F4      		brne .-6
 926 0394 FE01      		movw r30,r28
 927 0396 3596      		adiw r30,5
 928 0398 00C0      		rjmp .L80
 929               	.LVL89:
 930               	.L81:
 931               	.LM141:
 932 039a C901      		movw r24,r18
 933 039c 6AE0      		ldi r22,lo8(10)
 934 039e 70E0      		ldi r23,hi8(10)
 935 03a0 0E94 0000 		call __divmodhi4
 936 03a4 8083      		st Z,r24
 937               	.LM142:
 938 03a6 C901      		movw r24,r18
 939 03a8 6AE0      		ldi r22,lo8(10)
 940 03aa 70E0      		ldi r23,hi8(10)
 941 03ac 0E94 0000 		call __divmodhi4
 942 03b0 9B01      		movw r18,r22
 943 03b2 3197      		sbiw r30,1
 944               	.LVL90:
 945               	.L80:
 946               	.LM143:
 947 03b4 2115      		cp r18,__zero_reg__
 948 03b6 3105      		cpc r19,__zero_reg__
 949 03b8 01F4      		brne .L81
 950               	.LM144:
 951 03ba BFEF      		ldi r27,hi8(-1)
 952 03bc 0F3F      		cpi r16,lo8(-1)
 953 03be 1B07      		cpc r17,r27
 954 03c0 01F4      		brne .L82
 955 03c2 20E0      		ldi r18,lo8(0)
 956 03c4 30E0      		ldi r19,hi8(0)
 957               	.LVL91:
 958               	.LM145:
 959 03c6 AE01      		movw r20,r28
 960 03c8 4F5F      		subi r20,lo8(-(1))
 961 03ca 5F4F      		sbci r21,hi8(-(1))
 962 03cc 00C0      		rjmp .L83
 963               	.L84:
 964 03ce 2F5F      		subi r18,lo8(-(1))
 965 03d0 3F4F      		sbci r19,hi8(-(1))
 966               	.L83:
 967 03d2 FA01      		movw r30,r20
 968 03d4 E20F      		add r30,r18
 969 03d6 F31F      		adc r31,r19
 970 03d8 8081      		ld r24,Z
 971 03da 8823      		tst r24
 972 03dc 01F0      		breq .L84
 973 03de 00C0      		rjmp .L85
 974               	.LVL92:
 975               	.L82:
 976               	.LM146:
 977 03e0 25E0      		ldi r18,lo8(5)
 978 03e2 30E0      		ldi r19,hi8(5)
 979               	.LVL93:
 980 03e4 201B      		sub r18,r16
 981 03e6 310B      		sbc r19,r17
 982               	.L85:
 983 03e8 7E01      		movw r14,r28
 984 03ea 0894      		sec
 985 03ec E11C      		adc r14,__zero_reg__
 986 03ee F11C      		adc r15,__zero_reg__
 987 03f0 E20E      		add r14,r18
 988 03f2 F31E      		adc r15,r19
 989 03f4 8901      		movw r16,r18
 990               	.LVL94:
 991 03f6 00C0      		rjmp .L86
 992               	.L87:
 993               	.LM147:
 994 03f8 F701      		movw r30,r14
 995 03fa 8191      		ld r24,Z+
 996 03fc 7F01      		movw r14,r30
 997 03fe 805D      		subi r24,lo8(-(48))
 998 0400 0E94 0000 		call LCDsendChar
 999               	.LVL95:
 1000               	.LM148:
 1001 0404 0F5F      		subi r16,lo8(-(1))
 1002 0406 1F4F      		sbci r17,hi8(-(1))
 1003               	.LVL96:
 1004               	.L86:
 1005 0408 0530      		cpi r16,5
 1006 040a 1105      		cpc r17,__zero_reg__
 1007 040c 04F0      		brlt .L87
 1008               	/* epilogue start */
 1009               	.LM149:
 1010 040e 0F90      		pop __tmp_reg__
 1011 0410 0F90      		pop __tmp_reg__
 1012 0412 0F90      		pop __tmp_reg__
 1013 0414 0F90      		pop __tmp_reg__
 1014 0416 0F90      		pop __tmp_reg__
 1015 0418 CF91      		pop r28
 1016 041a DF91      		pop r29
 1017 041c 1F91      		pop r17
 1018 041e 0F91      		pop r16
 1019               	.LVL97:
 1020 0420 FF90      		pop r15
 1021 0422 EF90      		pop r14
 1022 0424 0895      		ret
 1023               	.LFE23:
 1217               	.Letext0:
DEFINED SYMBOLS
                            *ABS*:00000000 lcd_lib.c
C:\DOCUME~1\ADMINI~1\LOCALS~1\Temp/ccy3ME7c.s:2      *ABS*:0000003f __SREG__
C:\DOCUME~1\ADMINI~1\LOCALS~1\Temp/ccy3ME7c.s:3      *ABS*:0000003e __SP_H__
C:\DOCUME~1\ADMINI~1\LOCALS~1\Temp/ccy3ME7c.s:4      *ABS*:0000003d __SP_L__
C:\DOCUME~1\ADMINI~1\LOCALS~1\Temp/ccy3ME7c.s:5      *ABS*:00000034 __CCP__
C:\DOCUME~1\ADMINI~1\LOCALS~1\Temp/ccy3ME7c.s:6      *ABS*:00000000 __tmp_reg__
C:\DOCUME~1\ADMINI~1\LOCALS~1\Temp/ccy3ME7c.s:7      *ABS*:00000001 __zero_reg__
C:\DOCUME~1\ADMINI~1\LOCALS~1\Temp/ccy3ME7c.s:18     .text:00000000 _delay_loop_2
C:\DOCUME~1\ADMINI~1\LOCALS~1\Temp/ccy3ME7c.s:39     .text:00000006 _delay_ms
C:\DOCUME~1\ADMINI~1\LOCALS~1\Temp/ccy3ME7c.s:162    .text:000000a0 LCDstrLen
C:\DOCUME~1\ADMINI~1\LOCALS~1\Temp/ccy3ME7c.s:193    .text:000000b8 LCDsendChar
C:\DOCUME~1\ADMINI~1\LOCALS~1\Temp/ccy3ME7c.s:267    .text:00000116 LCDsendCommand
C:\DOCUME~1\ADMINI~1\LOCALS~1\Temp/ccy3ME7c.s:333    .text:0000016c LCDinit
C:\DOCUME~1\ADMINI~1\LOCALS~1\Temp/ccy3ME7c.s:427    .text:000001f8 LCDclr
C:\DOCUME~1\ADMINI~1\LOCALS~1\Temp/ccy3ME7c.s:442    .text:00000200 LCDhome
C:\DOCUME~1\ADMINI~1\LOCALS~1\Temp/ccy3ME7c.s:457    .text:00000208 LCDGotoXY
C:\DOCUME~1\ADMINI~1\LOCALS~1\Temp/ccy3ME7c.s:498    .text:00000226 LCDstring
C:\DOCUME~1\ADMINI~1\LOCALS~1\Temp/ccy3ME7c.s:553    .text:0000025e CopyStringtoLCD
C:\DOCUME~1\ADMINI~1\LOCALS~1\Temp/ccy3ME7c.s:608    .text:0000028c LCDdefinechar
C:\DOCUME~1\ADMINI~1\LOCALS~1\Temp/ccy3ME7c.s:675    .text:000002d4 LCDshiftLeft
C:\DOCUME~1\ADMINI~1\LOCALS~1\Temp/ccy3ME7c.s:712    .text:000002f0 LCDshiftRight
C:\DOCUME~1\ADMINI~1\LOCALS~1\Temp/ccy3ME7c.s:749    .text:0000030c LCDcursorOn
C:\DOCUME~1\ADMINI~1\LOCALS~1\Temp/ccy3ME7c.s:764    .text:00000314 LCDcursorOnBlink
C:\DOCUME~1\ADMINI~1\LOCALS~1\Temp/ccy3ME7c.s:779    .text:0000031c LCDcursorOFF
C:\DOCUME~1\ADMINI~1\LOCALS~1\Temp/ccy3ME7c.s:794    .text:00000324 LCDblank
C:\DOCUME~1\ADMINI~1\LOCALS~1\Temp/ccy3ME7c.s:809    .text:0000032c LCDvisible
C:\DOCUME~1\ADMINI~1\LOCALS~1\Temp/ccy3ME7c.s:824    .text:00000334 LCDcursorLeft
C:\DOCUME~1\ADMINI~1\LOCALS~1\Temp/ccy3ME7c.s:861    .text:00000350 LCDcursorRight
C:\DOCUME~1\ADMINI~1\LOCALS~1\Temp/ccy3ME7c.s:898    .text:0000036c LCDWriteInt

UNDEFINED SYMBOLS
__mulsf3
__ltsf2
__gtsf2
__fixunssfsi
__divmodhi4
